-- Catapult Ultra Synthesis: Report                                              
-- ------------------------- ---------------------------------------------------
-- Version:                  2024.1/1091966 Production Release                   
-- Build Date:               Wed Feb 14 09:07:18 PST 2024                        
                                                                                 
-- Generated by:             m111061545@ws41                                     
-- Generated date:           Sun Apr 07 21:42:00 CST 2024                        

Solution Settings: top.v4
  Current state: extract
  Project: Catapult

Design Input Files Specified
  $PROJECT_HOME/fir.h
    $MGC_HOME/shared/include/ac_int.h
    $MGC_HOME/shared/include/ac_channel.h
    $MGC_HOME/shared/include/mc_scverify.h
  $PROJECT_HOME/decimator.h
    $MGC_HOME/shared/include/ac_int.h
    $MGC_HOME/shared/include/ac_channel.h
    $MGC_HOME/shared/include/mc_scverify.h
  $PROJECT_HOME/top_tb.cpp
  $PROJECT_HOME/top.h
    $PROJECT_HOME/fir.h
      $MGC_HOME/shared/include/ac_int.h
      $MGC_HOME/shared/include/ac_channel.h
      $MGC_HOME/shared/include/mc_scverify.h
    $PROJECT_HOME/decimator.h
      $MGC_HOME/shared/include/mc_scverify.h

Processes/Blocks in Design
  Process            Real Operation(s) count Latency Throughput Reset Length II Comments 
  ------------------ ----------------------- ------- ---------- ------------ -- --------
  /top/decimator/run                       6       1          2            1  0          
  /top/fir/run                           107      17         16            0  0          
  Design Total:                          113      18         16            1  0          
  
Bill Of Materials (Datapath)
  Component Name                 Area Score Area(Combinational)  AreaSeq Delay Post Alloc Post Assign 
  ------------------------------ ---------- ------------------- -------- ----- ---------- -----------
  [Lib: ccs_ioport]                                                                                   
  ccs_in_wait(1,8)                    0.000               0.000    0.000 0.000          1           2 
  ccs_in_wait(5,8)                    0.000               0.000    0.000 0.000          1           1 
  ccs_out_wait(3,8)                   0.000               0.000    0.000 0.000          1           2 
  ccs_out_wait(6,8)                   0.000               0.000    0.000 0.000          1           1 
  [Lib: nangate-45nm_beh]                                                                             
  mgc_add(19,0,16,1,19,3)           189.297             122.717    0.000 0.362          1           0 
  mgc_add(19,0,16,1,19,7)            82.990              58.167    0.000 1.449          0           4 
  mgc_add(2,0,1,0,2,7)                6.916               0.000    0.000 0.186          0           1 
  mgc_add(2,0,2,1,3,7)               10.040               0.000    0.000 0.237          1           0 
  mgc_add(3,0,1,1,4,7)               15.630               0.000    0.000 0.308          4           8 
  mgc_and(1,2,3)                      0.796               0.765    0.000 0.046          0          81 
  mgc_and(1,3,4)                      1.333               0.000    0.000 0.077          0          19 
  mgc_and(1,4,4)                      1.770               0.000    0.000 0.096          0           4 
  mgc_and(1,6,4)                      2.644               1.145    0.000 0.123          0           2 
  mgc_and(19,2,3)                    15.119              27.569    0.000 0.046          2           4 
  mgc_and(2,2,3)                      1.591               2.042    0.000 0.046          2           0 
  mgc_and(3,2,3)                      2.387               3.345    0.000 0.046          1           0 
  mgc_mul(8,1,8,1,16,7)             288.327             332.359    0.000 1.157          1           4 
  mgc_mux(1,1,2,5)                    1.862               0.000    0.000 0.085          0          28 
  mgc_mux(19,1,2,5)                  35.378              44.762    0.000 0.146          2           4 
  mgc_mux(3,1,2,5)                    5.586               0.659    0.000 0.091          0           8 
  mgc_mux(4,1,2,5)                    7.448               4.061    0.000 0.092          4           0 
  mgc_mux(8,1,2,1)                   25.536              45.010    0.000 0.114          0          20 
  mgc_mux(8,1,2,2)                   25.536              35.852    0.000 0.113         24           0 
  mgc_mux(8,3,8,5)                   63.840              75.762    0.000 0.237          6           6 
  mgc_mux1hot(2,3,4)                  5.495               0.000    0.000 0.125          1           0 
  mgc_mux1hot(4,3,4)                 10.819               4.537    0.000 0.125          2           0 
  mgc_mux1hot(8,9,4)                 62.326              77.873    0.000 0.170          0           2 
  mgc_nand(1,2,4)                     0.698               0.000    0.000 0.044          0           8 
  mgc_nor(1,2,4)                      0.699               0.000    0.000 0.111          0          41 
  mgc_nor(1,3,4)                      1.154               0.000    0.000 0.125          0           4 
  mgc_nor(1,4,4)                      1.609               0.000    0.000 0.135          0           2 
  mgc_not(1,1)                        0.532               0.532    0.000 0.039          0          95 
  mgc_or(1,2,4)                       0.896               0.000    0.000 0.098          0          44 
  mgc_or(1,3,4)                       1.333               0.000    0.000 0.110          0          14 
  mgc_or(3,2,4)                       2.688               0.000    0.000 0.098          0           8 
  mgc_reg_pos(1,0,0,1,1,0,0,1)        6.384               1.862    4.522 0.106          0           4 
  mgc_reg_pos(1,0,0,1,1,1,1,1)        6.384               1.862    4.522 0.106          0          28 
  mgc_reg_pos(19,0,0,1,1,1,1,1)     121.296              35.378   85.918 0.106          0           4 
  mgc_reg_pos(2,0,0,1,1,1,1,1)       12.768               3.724    9.044 0.106          0           1 
  mgc_reg_pos(3,0,0,1,1,1,1,1)       19.152               5.586   13.566 0.106          0           6 
  mgc_reg_pos(8,0,0,1,1,1,1,1)       51.072              14.896   36.176 0.106          0          37 
                                                                                                      
  TOTAL AREA (After Assignment):   5915.629            4271.000 1917.000                              
  
Area Scores
                    Post-Scheduling   Post-DP & FSM Post-Assignment 
  ----------------- --------------- --------------- ---------------
  Total Area Score:   5864.6          6739.5          5931.6        
  Total Reg:          2457.8  (42%)   2722.8  (40%)   2722.8  (46%) 
                                                                    
  DataPath:           5864.6 (100%)   6723.5 (100%)   5915.6 (100%) 
    MUX:              2247.2  (38%)   1616.5  (24%)   1256.7  (21%) 
    FUNC:             1090.3  (19%)   2045.6  (30%)   1617.2  (27%) 
    LOGIC:              69.2   (1%)    354.7   (5%)    334.8   (6%) 
    BUFFER:              0.0             0.0             0.0        
    MEM:                 0.0             0.0             0.0        
    ROM:                 0.0             0.0             0.0        
    REG:              2457.8  (42%)   2706.8  (40%)   2706.8  (46%) 
                                                                    
  
  FSM:                   0.0            16.0   (0%)     16.0   (0%) 
    FSM-REG:             0.0            16.0 (100%)     16.0 (100%) 
    FSM-COMB:            0.0             0.0             0.0        
                                                                    
  
  
  (MUX = multiplexers; FUNC = datapath logic (e.g. add/mult); LOGIC = control logic)

Register-to-Variable Mappings
  Register                                 Size(bits) Gated Register CG Opt Done Variables                                             
  ---------------------------------------- ---------- -------------- ----------- -----------------------------------------------------
  temp#1.lpi#1                                     19         Y           Y      temp#1.lpi#1                                          
  temp.lpi#1                                       19         Y           Y      temp.lpi#1                                            
  MAC:mux.itm.1                                     8         Y           Y      MAC:mux.itm.1                                         
  dout:rsci.idat                                    8         Y           Y      dout:rsci.idat                                        
  input:rsci.idat.bfwt                              8         Y           Y      input:rsci.idat.bfwt                                  
  output:rsci.idat                                  8         Y           Y      output:rsci.idat                                      
  regs(0).sva                                       8         Y           Y      regs(0).sva                                           
  regs(1).sva                                       8         Y           Y      regs(1).sva                                           
  regs(1).sva.dfm#1.1                               8         Y           Y      regs(1).sva.dfm#1.1                                   
                                                                                 regs(1).sva.dfm.1                                     
  regs(2).sva                                       8         Y           Y      regs(2).sva                                           
  regs(2).sva.dfm#1.1                               8         Y           Y      regs(2).sva.dfm#1.1                                   
                                                                                 regs(2).sva.dfm.1                                     
  regs(3).sva                                       8         Y           Y      regs(3).sva                                           
  regs(3).sva.dfm#1.1                               8         Y           Y      regs(3).sva.dfm#1.1                                   
                                                                                 regs(3).sva.dfm.1                                     
  regs(4).sva                                       8         Y           Y      regs(4).sva                                           
  regs(4).sva.dfm#1.1                               8         Y           Y      regs(4).sva.dfm#1.1                                   
                                                                                 regs(4).sva.dfm.1                                     
  regs(5).sva                                       8         Y           Y      regs(5).sva                                           
  regs(5).sva.dfm#1.1                               8         Y           Y      regs(5).sva.dfm#1.1                                   
                                                                                 regs(5).sva.dfm.1                                     
  regs(6).sva                                       8         Y           Y      regs(6).sva                                           
  regs(6).sva.dfm#1.1                               8         Y           Y      regs(6).sva.dfm#1.1                                   
                                                                                 regs(6).sva.dfm.1                                     
  regs(7).sva                                       8         Y           Y      regs(7).sva                                           
  regs(7).sva.dfm#1.1                               8         Y           Y      regs(7).sva.dfm#1.1                                   
                                                                                 regs(7).sva.dfm.1                                     
  MAC:i(3:0)#1.lpi#1(2:0)                           3         Y           Y      MAC:i(3:0)#1.lpi#1(2:0)                               
                                                                                 MAC:i(3:0).lpi#1(2:0)                                 
  SHIFT:i(3:0)#1.lpi#1(2:0)                         3         Y           Y      SHIFT:i(3:0)#1.lpi#1(2:0)                             
                                                                                 SHIFT:i(3:0).lpi#1(2:0)                               
  main-1:MAC:i:slc(MAC:i(3:0))(2-0).itm.1           3         Y           Y      main-1:MAC:i:slc(MAC:i(3:0))(2-0).itm.1               
                                                                                 main-2:MAC:i:slc(MAC:i(3:0))(2-0)#1.itm.1             
  count(2:0).sva(1:0)                               2         Y           Y      count(2:0).sva(1:0)                                   
  SHIFT:and#1.svs                                   1         Y           Y      SHIFT:and#1.svs                                       
                                                                                 SHIFT:and.svs.1                                       
  SHIFT:and#1.svs.st.1                              1         Y           Y      SHIFT:and#1.svs.st.1                                  
                                                                                 SHIFT:and.svs.st.1                                    
  SHIFT:asn#1.itm.1                                 1         Y           Y      SHIFT:asn#1.itm.1                                     
  SHIFT:equal.tmp#1.1                               1         Y                  SHIFT:equal.tmp#1.1                                   
  SHIFT:unequal.tmp#1.1                             1         Y           Y      SHIFT:unequal.tmp#1.1                                 
                                                                                 SHIFT:unequal.tmp.1                                   
  exitL:exit:main-2:SHIFT.sva                       1         Y                  exitL:exit:main-2:SHIFT.sva                           
  input:rsci.bcwt                                   1                            input:rsci.bcwt                                       
  lfst:exit:main-2:SHIFT.lpi#1.dfm#3(0)             1         Y                  lfst:exit:main-2:SHIFT.lpi#1.dfm#3(0)                 
  lfst:exit:main-2:SHIFT.lpi#1.dfm#3(1)             1         Y                  lfst:exit:main-2:SHIFT.lpi#1.dfm#3(1)                 
  lfst:exit:main-2:SHIFT.lpi#1.dfm.st.1(0)          1         Y                  lfst:exit:main-2:SHIFT.lpi#1.dfm.st.1(0)              
  lfst:exit:main-2:SHIFT.lpi#1.dfm.st.1(1)          1         Y                  lfst:exit:main-2:SHIFT.lpi#1.dfm.st.1(1)              
  main.stage_0.2                                    1         Y                  main.stage_0.2                                        
  output:rsci.bcwt                                  1                            output:rsci.bcwt                                      
  reg(din:rsci.iswt0).cse                           1         Y                  reg(din:rsci.iswt0).cse                               
  reg(dout:rsci.iswt0).cse                          1         Y                  reg(dout:rsci.iswt0).cse                              
  reg(input:rsci.oswt).cse                          1         Y                  reg(input:rsci.oswt).cse                              
  reg(output:rsci.oswt).cse                         1         Y                  reg(output:rsci.oswt).cse                             
                                                                                                                                       
  Total:                                          218            216         205 (Total Gating Ratio: 0.99, CG Opt Gating Ratio: 0.94) 
  
Timing Report
  Critical Path
    Max Delay:  2.221787
    Slack:      7.778213
    
    Path                                                                            Startpoint                                                       Endpoint                        Delay  Slack                       
    ------------------------------------------------------------------------------- ---------------------------------------------------------------- ------------------------------- ------ ------ --------------------
    1                                                                               block0/fir:run:inst/reg(main-1:MAC:i:slc(MAC:i(3:0))(2-0).itm.1) block0/fir:run:inst/reg(temp#1) 2.2218 7.7782                      
                                                                                                                                                                                                                        
      Instance                                                                      Component                                                                                        Delta  Delay  [MIN, MAX]           
      --------                                                                      ---------                                                                                        -----  -----  ------------------   
      block0/fir:run:inst/reg(main-1:MAC:i:slc(MAC:i(3:0))(2-0).itm.1)              mgc_reg_pos_3_0_0_1_1_1_1_1                                                                      0.1060 0.1060                      
      block0/fir:run:inst/main-1:MAC:i:slc(MAC:i(3:0))(2-0).itm.1                                                                                                                    0.0000 0.1060                      
      block0/fir:run:inst/MAC:slc(main-1:MAC:i:slc(MAC:i(3:0))(2-0).itm.1)(0)#7                                                                                                      0.0000 0.1060                      
      block0/fir:run:inst/MAC:slc(main-1:MAC:i:slc(MAC:i(3:0))(2-0).itm.1)(0)#7.itm                                                                                                  0.0000 0.1060                      
      block0/fir:run:inst/MAC:nor#3                                                 mgc_nor_1_3_4                                                                                    0.1250 0.2310                      
      block0/fir:run:inst/MAC:nor.m1c                                                                                                                                                0.0000 0.2310                      
      block0/fir:run:inst/MAC:and                                                   mgc_and_1_2_3                                                                                    0.0459 0.2769                      
      block0/fir:run:inst/MAC:and.itm                                                                                                                                                0.0000 0.2769                      
      block0/fir:run:inst/MAC:MAC:mux1h                                             mgc_mux1hot_8_9_4                                                                                0.1700 0.4469                      
      block0/fir:run:inst/MAC:mux#5                                                                                                                                                  0.0000 0.4469                      
      block0/fir:run:inst/main-1:MAC:mul                                            mgc_mul_8_1_8_1_16_7                                                                             1.1570 1.6039 [0.626845, 1.603945] 
      block0/fir:run:inst/main-1:MAC:mul.itm                                                                                                                                         0.0000 1.6039 [0.626845, 1.603945] 
      block0/fir:run:inst/main-1:MAC:acc#1                                          mgc_addc_19_0_16_1_19_7                                                                          0.4718 2.0757 [0.792322, 2.075707] 
      block0/fir:run:inst/temp#1.sva#2                                                                                                                                               0.0000 2.0757 [0.792322, 2.075707] 
      block0/fir:run:inst/SHIFT:SHIFT:mux#1                                         mgc_mux_19_1_2_5                                                                                 0.1461 2.2218 [0.938402, 2.221787] 
      block0/fir:run:inst/SHIFT:SHIFT:mux#1.itm                                                                                                                                      0.0000 2.2218 [0.938402, 2.221787] 
      block0/fir:run:inst/reg(temp#1)                                               mgc_reg_pos_19_0_0_1_1_1_1_1                                                                     0.0000 2.2218                      
                                                                                                                                                                                                                        
    2                                                                               block0/fir:run:inst/reg(main-1:MAC:i:slc(MAC:i(3:0))(2-0).itm.1) block0/fir:run:inst/reg(temp)   2.2218 7.7782                      
                                                                                                                                                                                                                        
      Instance                                                                      Component                                                                                        Delta  Delay  [MIN, MAX]           
      --------                                                                      ---------                                                                                        -----  -----  ------------------   
      block0/fir:run:inst/reg(main-1:MAC:i:slc(MAC:i(3:0))(2-0).itm.1)              mgc_reg_pos_3_0_0_1_1_1_1_1                                                                      0.1060 0.1060                      
      block0/fir:run:inst/main-1:MAC:i:slc(MAC:i(3:0))(2-0).itm.1                                                                                                                    0.0000 0.1060                      
      block0/fir:run:inst/MAC:slc(main-1:MAC:i:slc(MAC:i(3:0))(2-0).itm.1)(0)#7                                                                                                      0.0000 0.1060                      
      block0/fir:run:inst/MAC:slc(main-1:MAC:i:slc(MAC:i(3:0))(2-0).itm.1)(0)#7.itm                                                                                                  0.0000 0.1060                      
      block0/fir:run:inst/MAC:nor#3                                                 mgc_nor_1_3_4                                                                                    0.1250 0.2310                      
      block0/fir:run:inst/MAC:nor.m1c                                                                                                                                                0.0000 0.2310                      
      block0/fir:run:inst/MAC:and                                                   mgc_and_1_2_3                                                                                    0.0459 0.2769                      
      block0/fir:run:inst/MAC:and.itm                                                                                                                                                0.0000 0.2769                      
      block0/fir:run:inst/MAC:MAC:mux1h                                             mgc_mux1hot_8_9_4                                                                                0.1700 0.4469                      
      block0/fir:run:inst/MAC:mux#5                                                                                                                                                  0.0000 0.4469                      
      block0/fir:run:inst/main-2:MAC:mul                                            mgc_mul_8_1_8_1_16_7                                                                             1.1570 1.6039 [0.626845, 1.603945] 
      block0/fir:run:inst/main-2:MAC:mul.itm                                                                                                                                         0.0000 1.6039 [0.626845, 1.603945] 
      block0/fir:run:inst/main-2:MAC:acc#1                                          mgc_addc_19_0_16_1_19_7                                                                          0.4718 2.0757 [0.792322, 2.075707] 
      block0/fir:run:inst/temp.sva#2                                                                                                                                                 0.0000 2.0757 [0.792322, 2.075707] 
      block0/fir:run:inst/SHIFT:SHIFT:mux                                           mgc_mux_19_1_2_5                                                                                 0.1461 2.2218 [0.938402, 2.221787] 
      block0/fir:run:inst/SHIFT:SHIFT:mux.itm                                                                                                                                        0.0000 2.2218 [0.938402, 2.221787] 
      block0/fir:run:inst/reg(temp)                                                 mgc_reg_pos_19_0_0_1_1_1_1_1                                                                     0.0000 2.2218                      
                                                                                                                                                                                                                        
    3                                                                               block1/fir:run:inst/reg(main-1:MAC:i:slc(MAC:i(3:0))(2-0).itm.1) block1/fir:run:inst/reg(temp#1) 2.2218 7.7782                      
                                                                                                                                                                                                                        
      Instance                                                                      Component                                                                                        Delta  Delay  [MIN, MAX]           
      --------                                                                      ---------                                                                                        -----  -----  ------------------   
      block1/fir:run:inst/reg(main-1:MAC:i:slc(MAC:i(3:0))(2-0).itm.1)              mgc_reg_pos_3_0_0_1_1_1_1_1                                                                      0.1060 0.1060                      
      block1/fir:run:inst/main-1:MAC:i:slc(MAC:i(3:0))(2-0).itm.1                                                                                                                    0.0000 0.1060                      
      block1/fir:run:inst/MAC:slc(main-1:MAC:i:slc(MAC:i(3:0))(2-0).itm.1)(0)#7                                                                                                      0.0000 0.1060                      
      block1/fir:run:inst/MAC:slc(main-1:MAC:i:slc(MAC:i(3:0))(2-0).itm.1)(0)#7.itm                                                                                                  0.0000 0.1060                      
      block1/fir:run:inst/MAC:nor#3                                                 mgc_nor_1_3_4                                                                                    0.1250 0.2310                      
      block1/fir:run:inst/MAC:nor.m1c                                                                                                                                                0.0000 0.2310                      
      block1/fir:run:inst/MAC:and                                                   mgc_and_1_2_3                                                                                    0.0459 0.2769                      
      block1/fir:run:inst/MAC:and.itm                                                                                                                                                0.0000 0.2769                      
      block1/fir:run:inst/MAC:MAC:mux1h                                             mgc_mux1hot_8_9_4                                                                                0.1700 0.4469                      
      block1/fir:run:inst/MAC:mux#5                                                                                                                                                  0.0000 0.4469                      
      block1/fir:run:inst/main-1:MAC:mul                                            mgc_mul_8_1_8_1_16_7                                                                             1.1570 1.6039 [0.626845, 1.603945] 
      block1/fir:run:inst/main-1:MAC:mul.itm                                                                                                                                         0.0000 1.6039 [0.626845, 1.603945] 
      block1/fir:run:inst/main-1:MAC:acc#1                                          mgc_addc_19_0_16_1_19_7                                                                          0.4718 2.0757 [0.792322, 2.075707] 
      block1/fir:run:inst/temp#1.sva#2                                                                                                                                               0.0000 2.0757 [0.792322, 2.075707] 
      block1/fir:run:inst/SHIFT:SHIFT:mux#1                                         mgc_mux_19_1_2_5                                                                                 0.1461 2.2218 [0.938402, 2.221787] 
      block1/fir:run:inst/SHIFT:SHIFT:mux#1.itm                                                                                                                                      0.0000 2.2218 [0.938402, 2.221787] 
      block1/fir:run:inst/reg(temp#1)                                               mgc_reg_pos_19_0_0_1_1_1_1_1                                                                     0.0000 2.2218                      
                                                                                                                                                                                                                        
    4                                                                               block0/fir:run:inst/reg(main-1:MAC:i:slc(MAC:i(3:0))(2-0).itm.1) block0/fir:run:inst/reg(temp)   2.2218 7.7782                      
                                                                                                                                                                                                                        
      Instance                                                                      Component                                                                                        Delta  Delay  [MIN, MAX]           
      --------                                                                      ---------                                                                                        -----  -----  ------------------   
      block0/fir:run:inst/reg(main-1:MAC:i:slc(MAC:i(3:0))(2-0).itm.1)              mgc_reg_pos_3_0_0_1_1_1_1_1                                                                      0.1060 0.1060                      
      block0/fir:run:inst/main-1:MAC:i:slc(MAC:i(3:0))(2-0).itm.1                                                                                                                    0.0000 0.1060                      
      block0/fir:run:inst/MAC:slc(main-1:MAC:i:slc(MAC:i(3:0))(2-0).itm.1)(0)#7                                                                                                      0.0000 0.1060                      
      block0/fir:run:inst/MAC:slc(main-1:MAC:i:slc(MAC:i(3:0))(2-0).itm.1)(0)#7.itm                                                                                                  0.0000 0.1060                      
      block0/fir:run:inst/MAC:nor#3                                                 mgc_nor_1_3_4                                                                                    0.1250 0.2310                      
      block0/fir:run:inst/MAC:nor.m1c                                                                                                                                                0.0000 0.2310                      
      block0/fir:run:inst/MAC:and#1                                                 mgc_and_1_2_3                                                                                    0.0459 0.2769                      
      block0/fir:run:inst/MAC:and#1.itm                                                                                                                                              0.0000 0.2769                      
      block0/fir:run:inst/MAC:MAC:mux1h                                             mgc_mux1hot_8_9_4                                                                                0.1700 0.4469                      
      block0/fir:run:inst/MAC:mux#5                                                                                                                                                  0.0000 0.4469                      
      block0/fir:run:inst/main-2:MAC:mul                                            mgc_mul_8_1_8_1_16_7                                                                             1.1570 1.6039 [0.626845, 1.603945] 
      block0/fir:run:inst/main-2:MAC:mul.itm                                                                                                                                         0.0000 1.6039 [0.626845, 1.603945] 
      block0/fir:run:inst/main-2:MAC:acc#1                                          mgc_addc_19_0_16_1_19_7                                                                          0.4718 2.0757 [0.792322, 2.075707] 
      block0/fir:run:inst/temp.sva#2                                                                                                                                                 0.0000 2.0757 [0.792322, 2.075707] 
      block0/fir:run:inst/SHIFT:SHIFT:mux                                           mgc_mux_19_1_2_5                                                                                 0.1461 2.2218 [0.938402, 2.221787] 
      block0/fir:run:inst/SHIFT:SHIFT:mux.itm                                                                                                                                        0.0000 2.2218 [0.938402, 2.221787] 
      block0/fir:run:inst/reg(temp)                                                 mgc_reg_pos_19_0_0_1_1_1_1_1                                                                     0.0000 2.2218                      
                                                                                                                                                                                                                        
    5                                                                               block1/fir:run:inst/reg(main-1:MAC:i:slc(MAC:i(3:0))(2-0).itm.1) block1/fir:run:inst/reg(temp#1) 2.2218 7.7782                      
                                                                                                                                                                                                                        
      Instance                                                                      Component                                                                                        Delta  Delay  [MIN, MAX]           
      --------                                                                      ---------                                                                                        -----  -----  ------------------   
      block1/fir:run:inst/reg(main-1:MAC:i:slc(MAC:i(3:0))(2-0).itm.1)              mgc_reg_pos_3_0_0_1_1_1_1_1                                                                      0.1060 0.1060                      
      block1/fir:run:inst/main-1:MAC:i:slc(MAC:i(3:0))(2-0).itm.1                                                                                                                    0.0000 0.1060                      
      block1/fir:run:inst/MAC:slc(main-1:MAC:i:slc(MAC:i(3:0))(2-0).itm.1)(1)#7                                                                                                      0.0000 0.1060                      
      block1/fir:run:inst/MAC:slc(main-1:MAC:i:slc(MAC:i(3:0))(2-0).itm.1)(1)#7.itm                                                                                                  0.0000 0.1060                      
      block1/fir:run:inst/MAC:nor#3                                                 mgc_nor_1_3_4                                                                                    0.1250 0.2310                      
      block1/fir:run:inst/MAC:nor.m1c                                                                                                                                                0.0000 0.2310                      
      block1/fir:run:inst/MAC:and                                                   mgc_and_1_2_3                                                                                    0.0459 0.2769                      
      block1/fir:run:inst/MAC:and.itm                                                                                                                                                0.0000 0.2769                      
      block1/fir:run:inst/MAC:MAC:mux1h                                             mgc_mux1hot_8_9_4                                                                                0.1700 0.4469                      
      block1/fir:run:inst/MAC:mux#5                                                                                                                                                  0.0000 0.4469                      
      block1/fir:run:inst/main-1:MAC:mul                                            mgc_mul_8_1_8_1_16_7                                                                             1.1570 1.6039 [0.626845, 1.603945] 
      block1/fir:run:inst/main-1:MAC:mul.itm                                                                                                                                         0.0000 1.6039 [0.626845, 1.603945] 
      block1/fir:run:inst/main-1:MAC:acc#1                                          mgc_addc_19_0_16_1_19_7                                                                          0.4718 2.0757 [0.792322, 2.075707] 
      block1/fir:run:inst/temp#1.sva#2                                                                                                                                               0.0000 2.0757 [0.792322, 2.075707] 
      block1/fir:run:inst/SHIFT:SHIFT:mux#1                                         mgc_mux_19_1_2_5                                                                                 0.1461 2.2218 [0.938402, 2.221787] 
      block1/fir:run:inst/SHIFT:SHIFT:mux#1.itm                                                                                                                                      0.0000 2.2218 [0.938402, 2.221787] 
      block1/fir:run:inst/reg(temp#1)                                               mgc_reg_pos_19_0_0_1_1_1_1_1                                                                     0.0000 2.2218                      
                                                                                                                                                                                                                        
    6                                                                               block1/fir:run:inst/reg(main-1:MAC:i:slc(MAC:i(3:0))(2-0).itm.1) block1/fir:run:inst/reg(temp)   2.2218 7.7782                      
                                                                                                                                                                                                                        
      Instance                                                                      Component                                                                                        Delta  Delay  [MIN, MAX]           
      --------                                                                      ---------                                                                                        -----  -----  ------------------   
      block1/fir:run:inst/reg(main-1:MAC:i:slc(MAC:i(3:0))(2-0).itm.1)              mgc_reg_pos_3_0_0_1_1_1_1_1                                                                      0.1060 0.1060                      
      block1/fir:run:inst/main-1:MAC:i:slc(MAC:i(3:0))(2-0).itm.1                                                                                                                    0.0000 0.1060                      
      block1/fir:run:inst/MAC:slc(main-1:MAC:i:slc(MAC:i(3:0))(2-0).itm.1)(0)#7                                                                                                      0.0000 0.1060                      
      block1/fir:run:inst/MAC:slc(main-1:MAC:i:slc(MAC:i(3:0))(2-0).itm.1)(0)#7.itm                                                                                                  0.0000 0.1060                      
      block1/fir:run:inst/MAC:nor#3                                                 mgc_nor_1_3_4                                                                                    0.1250 0.2310                      
      block1/fir:run:inst/MAC:nor.m1c                                                                                                                                                0.0000 0.2310                      
      block1/fir:run:inst/MAC:and                                                   mgc_and_1_2_3                                                                                    0.0459 0.2769                      
      block1/fir:run:inst/MAC:and.itm                                                                                                                                                0.0000 0.2769                      
      block1/fir:run:inst/MAC:MAC:mux1h                                             mgc_mux1hot_8_9_4                                                                                0.1700 0.4469                      
      block1/fir:run:inst/MAC:mux#5                                                                                                                                                  0.0000 0.4469                      
      block1/fir:run:inst/main-2:MAC:mul                                            mgc_mul_8_1_8_1_16_7                                                                             1.1570 1.6039 [0.626845, 1.603945] 
      block1/fir:run:inst/main-2:MAC:mul.itm                                                                                                                                         0.0000 1.6039 [0.626845, 1.603945] 
      block1/fir:run:inst/main-2:MAC:acc#1                                          mgc_addc_19_0_16_1_19_7                                                                          0.4718 2.0757 [0.792322, 2.075707] 
      block1/fir:run:inst/temp.sva#2                                                                                                                                                 0.0000 2.0757 [0.792322, 2.075707] 
      block1/fir:run:inst/SHIFT:SHIFT:mux                                           mgc_mux_19_1_2_5                                                                                 0.1461 2.2218 [0.938402, 2.221787] 
      block1/fir:run:inst/SHIFT:SHIFT:mux.itm                                                                                                                                        0.0000 2.2218 [0.938402, 2.221787] 
      block1/fir:run:inst/reg(temp)                                                 mgc_reg_pos_19_0_0_1_1_1_1_1                                                                     0.0000 2.2218                      
                                                                                                                                                                                                                        
    7                                                                               block1/fir:run:inst/reg(main-1:MAC:i:slc(MAC:i(3:0))(2-0).itm.1) block1/fir:run:inst/reg(temp)   2.2218 7.7782                      
                                                                                                                                                                                                                        
      Instance                                                                      Component                                                                                        Delta  Delay  [MIN, MAX]           
      --------                                                                      ---------                                                                                        -----  -----  ------------------   
      block1/fir:run:inst/reg(main-1:MAC:i:slc(MAC:i(3:0))(2-0).itm.1)              mgc_reg_pos_3_0_0_1_1_1_1_1                                                                      0.1060 0.1060                      
      block1/fir:run:inst/main-1:MAC:i:slc(MAC:i(3:0))(2-0).itm.1                                                                                                                    0.0000 0.1060                      
      block1/fir:run:inst/MAC:slc(main-1:MAC:i:slc(MAC:i(3:0))(2-0).itm.1)(0)#7                                                                                                      0.0000 0.1060                      
      block1/fir:run:inst/MAC:slc(main-1:MAC:i:slc(MAC:i(3:0))(2-0).itm.1)(0)#7.itm                                                                                                  0.0000 0.1060                      
      block1/fir:run:inst/MAC:nor#3                                                 mgc_nor_1_3_4                                                                                    0.1250 0.2310                      
      block1/fir:run:inst/MAC:nor.m1c                                                                                                                                                0.0000 0.2310                      
      block1/fir:run:inst/MAC:and#1                                                 mgc_and_1_2_3                                                                                    0.0459 0.2769                      
      block1/fir:run:inst/MAC:and#1.itm                                                                                                                                              0.0000 0.2769                      
      block1/fir:run:inst/MAC:MAC:mux1h                                             mgc_mux1hot_8_9_4                                                                                0.1700 0.4469                      
      block1/fir:run:inst/MAC:mux#5                                                                                                                                                  0.0000 0.4469                      
      block1/fir:run:inst/main-2:MAC:mul                                            mgc_mul_8_1_8_1_16_7                                                                             1.1570 1.6039 [0.626845, 1.603945] 
      block1/fir:run:inst/main-2:MAC:mul.itm                                                                                                                                         0.0000 1.6039 [0.626845, 1.603945] 
      block1/fir:run:inst/main-2:MAC:acc#1                                          mgc_addc_19_0_16_1_19_7                                                                          0.4718 2.0757 [0.792322, 2.075707] 
      block1/fir:run:inst/temp.sva#2                                                                                                                                                 0.0000 2.0757 [0.792322, 2.075707] 
      block1/fir:run:inst/SHIFT:SHIFT:mux                                           mgc_mux_19_1_2_5                                                                                 0.1461 2.2218 [0.938402, 2.221787] 
      block1/fir:run:inst/SHIFT:SHIFT:mux.itm                                                                                                                                        0.0000 2.2218 [0.938402, 2.221787] 
      block1/fir:run:inst/reg(temp)                                                 mgc_reg_pos_19_0_0_1_1_1_1_1                                                                     0.0000 2.2218                      
                                                                                                                                                                                                                        
    8                                                                               block0/fir:run:inst/reg(main-1:MAC:i:slc(MAC:i(3:0))(2-0).itm.1) block0/fir:run:inst/reg(temp)   2.2218 7.7782                      
                                                                                                                                                                                                                        
      Instance                                                                      Component                                                                                        Delta  Delay  [MIN, MAX]           
      --------                                                                      ---------                                                                                        -----  -----  ------------------   
      block0/fir:run:inst/reg(main-1:MAC:i:slc(MAC:i(3:0))(2-0).itm.1)              mgc_reg_pos_3_0_0_1_1_1_1_1                                                                      0.1060 0.1060                      
      block0/fir:run:inst/main-1:MAC:i:slc(MAC:i(3:0))(2-0).itm.1                                                                                                                    0.0000 0.1060                      
      block0/fir:run:inst/MAC:slc(main-1:MAC:i:slc(MAC:i(3:0))(2-0).itm.1)(2)#7                                                                                                      0.0000 0.1060                      
      block0/fir:run:inst/MAC:slc(main-1:MAC:i:slc(MAC:i(3:0))(2-0).itm.1)(2)#7.itm                                                                                                  0.0000 0.1060                      
      block0/fir:run:inst/MAC:nor#3                                                 mgc_nor_1_3_4                                                                                    0.1250 0.2310                      
      block0/fir:run:inst/MAC:nor.m1c                                                                                                                                                0.0000 0.2310                      
      block0/fir:run:inst/MAC:and#1                                                 mgc_and_1_2_3                                                                                    0.0459 0.2769                      
      block0/fir:run:inst/MAC:and#1.itm                                                                                                                                              0.0000 0.2769                      
      block0/fir:run:inst/MAC:MAC:mux1h                                             mgc_mux1hot_8_9_4                                                                                0.1700 0.4469                      
      block0/fir:run:inst/MAC:mux#5                                                                                                                                                  0.0000 0.4469                      
      block0/fir:run:inst/main-2:MAC:mul                                            mgc_mul_8_1_8_1_16_7                                                                             1.1570 1.6039 [0.626845, 1.603945] 
      block0/fir:run:inst/main-2:MAC:mul.itm                                                                                                                                         0.0000 1.6039 [0.626845, 1.603945] 
      block0/fir:run:inst/main-2:MAC:acc#1                                          mgc_addc_19_0_16_1_19_7                                                                          0.4718 2.0757 [0.792322, 2.075707] 
      block0/fir:run:inst/temp.sva#2                                                                                                                                                 0.0000 2.0757 [0.792322, 2.075707] 
      block0/fir:run:inst/SHIFT:SHIFT:mux                                           mgc_mux_19_1_2_5                                                                                 0.1461 2.2218 [0.938402, 2.221787] 
      block0/fir:run:inst/SHIFT:SHIFT:mux.itm                                                                                                                                        0.0000 2.2218 [0.938402, 2.221787] 
      block0/fir:run:inst/reg(temp)                                                 mgc_reg_pos_19_0_0_1_1_1_1_1                                                                     0.0000 2.2218                      
                                                                                                                                                                                                                        
    9                                                                               block0/fir:run:inst/reg(main-1:MAC:i:slc(MAC:i(3:0))(2-0).itm.1) block0/fir:run:inst/reg(temp)   2.2218 7.7782                      
                                                                                                                                                                                                                        
      Instance                                                                      Component                                                                                        Delta  Delay  [MIN, MAX]           
      --------                                                                      ---------                                                                                        -----  -----  ------------------   
      block0/fir:run:inst/reg(main-1:MAC:i:slc(MAC:i(3:0))(2-0).itm.1)              mgc_reg_pos_3_0_0_1_1_1_1_1                                                                      0.1060 0.1060                      
      block0/fir:run:inst/main-1:MAC:i:slc(MAC:i(3:0))(2-0).itm.1                                                                                                                    0.0000 0.1060                      
      block0/fir:run:inst/MAC:slc(main-1:MAC:i:slc(MAC:i(3:0))(2-0).itm.1)(1)#7                                                                                                      0.0000 0.1060                      
      block0/fir:run:inst/MAC:slc(main-1:MAC:i:slc(MAC:i(3:0))(2-0).itm.1)(1)#7.itm                                                                                                  0.0000 0.1060                      
      block0/fir:run:inst/MAC:nor#3                                                 mgc_nor_1_3_4                                                                                    0.1250 0.2310                      
      block0/fir:run:inst/MAC:nor.m1c                                                                                                                                                0.0000 0.2310                      
      block0/fir:run:inst/MAC:and#1                                                 mgc_and_1_2_3                                                                                    0.0459 0.2769                      
      block0/fir:run:inst/MAC:and#1.itm                                                                                                                                              0.0000 0.2769                      
      block0/fir:run:inst/MAC:MAC:mux1h                                             mgc_mux1hot_8_9_4                                                                                0.1700 0.4469                      
      block0/fir:run:inst/MAC:mux#5                                                                                                                                                  0.0000 0.4469                      
      block0/fir:run:inst/main-2:MAC:mul                                            mgc_mul_8_1_8_1_16_7                                                                             1.1570 1.6039 [0.626845, 1.603945] 
      block0/fir:run:inst/main-2:MAC:mul.itm                                                                                                                                         0.0000 1.6039 [0.626845, 1.603945] 
      block0/fir:run:inst/main-2:MAC:acc#1                                          mgc_addc_19_0_16_1_19_7                                                                          0.4718 2.0757 [0.792322, 2.075707] 
      block0/fir:run:inst/temp.sva#2                                                                                                                                                 0.0000 2.0757 [0.792322, 2.075707] 
      block0/fir:run:inst/SHIFT:SHIFT:mux                                           mgc_mux_19_1_2_5                                                                                 0.1461 2.2218 [0.938402, 2.221787] 
      block0/fir:run:inst/SHIFT:SHIFT:mux.itm                                                                                                                                        0.0000 2.2218 [0.938402, 2.221787] 
      block0/fir:run:inst/reg(temp)                                                 mgc_reg_pos_19_0_0_1_1_1_1_1                                                                     0.0000 2.2218                      
                                                                                                                                                                                                                        
    10                                                                              block1/fir:run:inst/reg(main-1:MAC:i:slc(MAC:i(3:0))(2-0).itm.1) block1/fir:run:inst/reg(temp)   2.2218 7.7782                      
                                                                                                                                                                                                                        
      Instance                                                                      Component                                                                                        Delta  Delay  [MIN, MAX]           
      --------                                                                      ---------                                                                                        -----  -----  ------------------   
      block1/fir:run:inst/reg(main-1:MAC:i:slc(MAC:i(3:0))(2-0).itm.1)              mgc_reg_pos_3_0_0_1_1_1_1_1                                                                      0.1060 0.1060                      
      block1/fir:run:inst/main-1:MAC:i:slc(MAC:i(3:0))(2-0).itm.1                                                                                                                    0.0000 0.1060                      
      block1/fir:run:inst/MAC:slc(main-1:MAC:i:slc(MAC:i(3:0))(2-0).itm.1)(2)#7                                                                                                      0.0000 0.1060                      
      block1/fir:run:inst/MAC:slc(main-1:MAC:i:slc(MAC:i(3:0))(2-0).itm.1)(2)#7.itm                                                                                                  0.0000 0.1060                      
      block1/fir:run:inst/MAC:nor#3                                                 mgc_nor_1_3_4                                                                                    0.1250 0.2310                      
      block1/fir:run:inst/MAC:nor.m1c                                                                                                                                                0.0000 0.2310                      
      block1/fir:run:inst/MAC:and#1                                                 mgc_and_1_2_3                                                                                    0.0459 0.2769                      
      block1/fir:run:inst/MAC:and#1.itm                                                                                                                                              0.0000 0.2769                      
      block1/fir:run:inst/MAC:MAC:mux1h                                             mgc_mux1hot_8_9_4                                                                                0.1700 0.4469                      
      block1/fir:run:inst/MAC:mux#5                                                                                                                                                  0.0000 0.4469                      
      block1/fir:run:inst/main-2:MAC:mul                                            mgc_mul_8_1_8_1_16_7                                                                             1.1570 1.6039 [0.626845, 1.603945] 
      block1/fir:run:inst/main-2:MAC:mul.itm                                                                                                                                         0.0000 1.6039 [0.626845, 1.603945] 
      block1/fir:run:inst/main-2:MAC:acc#1                                          mgc_addc_19_0_16_1_19_7                                                                          0.4718 2.0757 [0.792322, 2.075707] 
      block1/fir:run:inst/temp.sva#2                                                                                                                                                 0.0000 2.0757 [0.792322, 2.075707] 
      block1/fir:run:inst/SHIFT:SHIFT:mux                                           mgc_mux_19_1_2_5                                                                                 0.1461 2.2218 [0.938402, 2.221787] 
      block1/fir:run:inst/SHIFT:SHIFT:mux.itm                                                                                                                                        0.0000 2.2218 [0.938402, 2.221787] 
      block1/fir:run:inst/reg(temp)                                                 mgc_reg_pos_19_0_0_1_1_1_1_1                                                                     0.0000 2.2218                      
                                                                                                                                                                                                                        
    
  Register Input and Register-to-Output Slack
    Clock period or pin-to-reg delay constraint (clk): 10.0
    Clock uncertainty constraint (clk)               : 0.0
    
    Instance                                                   Port                                      Slack (Delay) Messages 
    ---------------------------------------------------------- --------------------------------------- ------- ------- --------
    decimator:run/reg(dout:rsci.idat)                          din:rsci.idat.mxwt                       9.8940  0.1060          
    decimator:run/reg(dout:rsci.iswt0)                         and#2.itm                                9.7374  0.2626          
    decimator:run/reg(din:rsci.iswt0)                          temp:not.itm                             9.9610  0.0390          
    decimator:run/reg(count(2:0).sva(1:0))                     acc.itm                                  9.7085  0.2915          
    fir:run/reg(output:rsci.oswt)                              nor.itm                                  9.7374  0.2626          
    fir:run/reg(output:rsci.idat)                              mux.itm                                  7.8102  2.1898          
    fir:run/reg(MAC:mux.itm.1)                                 MAC:mux.itm                              9.5588  0.4412          
    fir:run/reg(main-1:MAC:i:slc(MAC:i(3:0))(2-0).itm.1)       MAC:i:mux.itm                            9.7052  0.2948          
    fir:run/reg(regs(0))                                       regs(0).sva:mx0                          9.3147  0.6853          
    fir:run/reg(SHIFT:and#1.svs.st.1)                          SHIFT:mux#1.itm                          9.3564  0.6436          
    fir:run/reg(temp)                                          SHIFT:SHIFT:mux.itm                      7.7782  2.2218          
    fir:run/reg(regs(1).sva.dfm#1.1)                           SHIFT:SHIFT:mux#3.itm                    9.3147  0.6853          
    fir:run/reg(regs(2).sva.dfm#1.1)                           SHIFT:SHIFT:mux#4.itm                    9.3147  0.6853          
    fir:run/reg(regs(3).sva.dfm#1.1)                           SHIFT:SHIFT:mux#5.itm                    9.3147  0.6853          
    fir:run/reg(regs(4).sva.dfm#1.1)                           SHIFT:SHIFT:mux#6.itm                    9.3147  0.6853          
    fir:run/reg(regs(5).sva.dfm#1.1)                           SHIFT:SHIFT:mux#7.itm                    9.3147  0.6853          
    fir:run/reg(regs(6).sva.dfm#1.1)                           SHIFT:SHIFT:mux#8.itm                    9.3147  0.6853          
    fir:run/reg(regs(7).sva.dfm#1.1)                           SHIFT:SHIFT:mux#9.itm                    9.3147  0.6853          
    fir:run/reg(SHIFT:unequal.tmp#1.1)                         SHIFT:mux#2.itm                          9.6000  0.4000          
    fir:run/reg(temp#1)                                        SHIFT:SHIFT:mux#1.itm                    7.7782  2.2218          
    fir:run/reg(lfst:exit:main-2:SHIFT.lpi#1.dfm.st.1(1))      lfst:exit:main-2:SHIFT.lpi#1.dfm(1)#1    9.3330  0.6670          
    fir:run/reg(lfst:exit:main-2:SHIFT.lpi#1.dfm.st.1(0))      lfst:exit:main-2:SHIFT.lpi#1.dfm(0)#1    9.2940  0.7060          
    fir:run/reg(SHIFT:asn#1.itm.1)                             exitL:exit:main-2:SHIFT.sva              9.0117  0.9883          
    fir:run/reg(input:rsci.oswt)                               SHIFT:if:nor.itm                         9.6606  0.3394          
    fir:run/reg(lfst:exit:main-2:SHIFT.lpi#1.dfm#3(1))         lfst:exit:main-2:SHIFT.lpi#1.dfm#3(1)#1  9.0117  0.9883          
    fir:run/reg(exitL:exit:main-2:SHIFT)                       SHIFT:SHIFT:nor.itm                      9.0117  0.9883          
    fir:run/reg(lfst:exit:main-2:SHIFT.lpi#1.dfm#3(0))         SHIFT:SHIFT:nor#4.ssc#1                  9.0117  0.9883          
    fir:run/reg(SHIFT:i(3:0)#1.lpi#1(2:0))                     SHIFT:mux#4.itm                          9.2072  0.7928          
    fir:run/reg(main.stage_0.2)                                1#11                                    10.0000  0.0000          
    fir:run/reg(SHIFT:equal.tmp#1.1)                           SHIFT:equal.tmp#2                        9.2940  0.7060          
    fir:run/reg(regs(5))                                       z.out                                    9.3147  0.6853          
    fir:run/reg(regs(1))                                       z.out                                    9.3147  0.6853          
    fir:run/reg(regs(6))                                       z.out                                    9.3147  0.6853          
    fir:run/reg(regs(2))                                       z.out                                    9.3147  0.6853          
    fir:run/reg(regs(7))                                       z.out                                    9.3147  0.6853          
    fir:run/reg(regs(3))                                       z.out                                    9.3147  0.6853          
    fir:run/reg(regs(4))                                       z.out                                    9.3147  0.6853          
    fir:run/reg(SHIFT:and#1.svs)                               SHIFT:SHIFT:mux#2.itm                    9.3105  0.6895          
    fir:run/reg(MAC:i(3:0)#1.lpi#1(2:0))                       SHIFT:mux#58.itm                         9.2072  0.7928          
    fir:run:input:rsci:input:wait_dp/reg(input:rsci.bcwt)      SHIFT:if:nor.itm                         9.4503  0.5497          
    fir:run:input:rsci:input:wait_dp/reg(input:rsci.idat.bfwt) input:rsci.idat                          9.7799  0.2201          
    fir:run:output:rsci:output:wait_dp/reg(output:rsci.bcwt)   nor.itm                                  9.4503  0.5497          
    top                                                        din:rsc.rdy                              9.8091  0.1909          
    top                                                        dout:rsc.dat                             9.8940  0.1060          
    top                                                        dout:rsc.vld                             9.8940  0.1060          
    
Operator Bitwidth Summary
  Operation  Size (bits) Count 
  ---------- ----------- -----
  add                          
  -                    4     8 
  -                    2     1 
  -                   19     4 
  and                          
  -                   19     4 
  -                    1   106 
  mul                          
  -                   16     4 
  mux                          
  -                    8    26 
  -                    3     8 
  -                   19     4 
  -                    1    28 
  mux1h                        
  -                    8     2 
  nand                         
  -                    1     8 
  nor                          
  -                    1    47 
  not                          
  -                    1    95 
  or                           
  -                    3     8 
  -                    1    58 
  read_port                    
  -                    8     3 
  reg                          
  -                    8    37 
  -                    3     6 
  -                    2     1 
  -                   19     4 
  -                    1    32 
  write_port                   
  -                    0     3 
  
End of Report
