-- Catapult Ultra Synthesis: Report                                              
-- ------------------------- ---------------------------------------------------
-- Version:                  2024.1/1091966 Production Release                   
-- Build Date:               Wed Feb 14 09:07:18 PST 2024                        
                                                                                 
-- Generated by:             m111061545@ws41                                     
-- Generated date:           Sun Apr 07 21:39:47 CST 2024                        

Solution Settings: top.v2
  Current state: extract
  Project: Catapult

Design Input Files Specified
  $PROJECT_HOME/fir.h
    $MGC_HOME/shared/include/ac_int.h
    $MGC_HOME/shared/include/ac_channel.h
    $MGC_HOME/shared/include/mc_scverify.h
  $PROJECT_HOME/decimator.h
    $MGC_HOME/shared/include/ac_int.h
    $MGC_HOME/shared/include/ac_channel.h
    $MGC_HOME/shared/include/mc_scverify.h
  $PROJECT_HOME/top_tb.cpp
  $PROJECT_HOME/top.h
    $PROJECT_HOME/fir.h
      $MGC_HOME/shared/include/ac_int.h
      $MGC_HOME/shared/include/ac_channel.h
      $MGC_HOME/shared/include/mc_scverify.h
    $PROJECT_HOME/decimator.h
      $MGC_HOME/shared/include/mc_scverify.h

Processes/Blocks in Design
  Process            Real Operation(s) count Latency Throughput Reset Length II Comments 
  ------------------ ----------------------- ------- ---------- ------------ -- --------
  /top/decimator/run                       6       1          2            1  0          
  /top/fir/run                            35       8         10            0  0          
  Design Total:                           41       9         10            1  0          
  
Bill Of Materials (Datapath)
  Component Name                 Area Score Area(Combinational) AreaSeq Delay Post Alloc Post Assign 
  ------------------------------ ---------- ------------------- ------- ----- ---------- -----------
  [Lib: ccs_ioport]                                                                                  
  ccs_in_wait(1,8)                    0.000               0.000   0.000 0.000          1           2 
  ccs_in_wait(5,8)                    0.000               0.000   0.000 0.000          1           1 
  ccs_out_wait(3,8)                   0.000               0.000   0.000 0.000          1           2 
  ccs_out_wait(6,8)                   0.000               0.000   0.000 0.000          1           1 
  [Lib: nangate-45nm_beh]                                                                            
  mgc_add(19,0,16,1,19,7)            82.990              58.167   0.000 1.449          1           2 
  mgc_add(2,0,1,0,2,7)                6.916               0.000   0.000 0.186          0           1 
  mgc_add(2,0,2,1,3,7)               10.040               0.000   0.000 0.237          1           0 
  mgc_add(3,0,1,1,4,7)               15.630               0.000   0.000 0.308          2           4 
  mgc_and(1,2,3)                      0.796               0.765   0.000 0.046          0          61 
  mgc_and(1,3,4)                      1.333               0.000   0.000 0.077          0          17 
  mgc_and(1,5,4)                      2.207               0.547   0.000 0.111          0           2 
  mgc_and(19,2,3)                    15.119              27.569   0.000 0.046          0           2 
  mgc_and(3,2,3)                      2.387               3.345   0.000 0.046          1           0 
  mgc_mul(8,1,8,1,16,7)             288.327             332.359   0.000 1.157          1           2 
  mgc_mux(8,1,2,1)                   25.536              45.010   0.000 0.114          0           2 
  mgc_mux(8,1,2,2)                   25.536              35.852   0.000 0.113          8           0 
  mgc_mux(8,3,8,5)                   63.840              75.762   0.000 0.237          3           4 
  mgc_mux1hot(8,9,4)                 62.326              77.873   0.000 0.170          0           2 
  mgc_nand(1,2,4)                     0.698               0.000   0.000 0.044          0           2 
  mgc_nor(1,2,4)                      0.699               0.000   0.000 0.111          0          27 
  mgc_nor(1,3,4)                      1.154               0.000   0.000 0.125          0           2 
  mgc_not(1,1)                        0.532               0.532   0.000 0.039          0          59 
  mgc_or(1,2,4)                       0.896               0.000   0.000 0.098          0          28 
  mgc_or(1,4,4)                       1.770               0.000   0.000 0.119          0           2 
  mgc_or(1,7,4)                       3.081               0.848   0.000 0.136          0           2 
  mgc_or(3,2,4)                       2.688               0.000   0.000 0.098          0           4 
  mgc_reg_pos(1,0,0,1,1,1,1,1)        6.384               1.862   4.522 0.106          0           6 
  mgc_reg_pos(19,0,0,1,1,1,1,1)     121.296              35.378  85.918 0.106          0           2 
  mgc_reg_pos(2,0,0,1,1,1,1,1)       12.768               3.724   9.044 0.106          0           1 
  mgc_reg_pos(3,0,0,1,1,1,1,1)       19.152               5.586  13.566 0.106          0           4 
  mgc_reg_pos(8,0,0,1,1,1,1,1)       51.072              14.896  36.176 0.106          0          19 
                                                                                                     
  TOTAL AREA (After Assignment):   2789.160            1857.000 950.000                              
  
Area Scores
                    Post-Scheduling   Post-DP & FSM Post-Assignment 
  ----------------- --------------- --------------- ---------------
  Total Area Score:   3607.4          2917.6          2837.2        
  Total Reg:          1998.2  (55%)   1388.6  (48%)   1388.6  (49%) 
                                                                    
  DataPath:           3607.4 (100%)   2869.6  (98%)   2789.2  (98%) 
    MUX:               791.6  (22%)    511.5  (18%)    431.1  (15%) 
    FUNC:              815.2  (23%)    815.2  (28%)    812.1  (29%) 
    LOGIC:               2.4   (0%)    202.2   (7%)    205.4   (7%) 
    BUFFER:              0.0             0.0             0.0        
    MEM:                 0.0             0.0             0.0        
    ROM:                 0.0             0.0             0.0        
    REG:              1998.2  (55%)   1340.6  (47%)   1340.6  (48%) 
                                                                    
  
  FSM:                   0.0            48.0   (2%)     48.0   (2%) 
    FSM-REG:             0.0            48.0 (100%)     48.0 (100%) 
    FSM-COMB:            0.0             0.0             0.0        
                                                                    
  
  
  (MUX = multiplexers; FUNC = datapath logic (e.g. add/mult); LOGIC = control logic)

Register-to-Variable Mappings
  Register                   Size(bits) Gated Register CG Opt Done Variables                                             
  -------------------------- ---------- -------------- ----------- -----------------------------------------------------
  temp.sva                           19         Y                  temp.sva                                              
  dout:rsci.idat                      8         Y           Y      dout:rsci.idat                                        
  output:rsci.idat                    8         Y           Y      output:rsci.idat                                      
  regs(0).lpi#2                       8         Y           Y      regs(0).lpi#2                                         
                                                                   regs(0).sva                                           
  regs(1).lpi#2                       8         Y           Y      regs(1).lpi#2                                         
                                                                   regs(1).sva                                           
  regs(2).lpi#2                       8         Y           Y      regs(2).lpi#2                                         
                                                                   regs(2).sva                                           
  regs(3).lpi#2                       8         Y           Y      regs(3).lpi#2                                         
                                                                   regs(3).sva                                           
  regs(4).lpi#2                       8         Y           Y      regs(4).lpi#2                                         
                                                                   regs(4).sva                                           
  regs(5).lpi#2                       8         Y           Y      regs(5).lpi#2                                         
                                                                   regs(5).sva                                           
  regs(6).lpi#2                       8         Y           Y      regs(6).lpi#2                                         
                                                                   regs(6).sva                                           
  regs(7).lpi#2                       8         Y           Y      regs(7).lpi#2                                         
  MAC:i(3:0).sva(2:0)                 3         Y                  MAC:i(3:0).sva(2:0)                                   
  SHIFT:i(3:0).sva(2:0)               3         Y                  SHIFT:i(3:0).sva(2:0)                                 
  count(2:0).sva(1:0)                 2         Y           Y      count(2:0).sva(1:0)                                   
  reg(din:rsci.iswt0).cse             1         Y                  reg(din:rsci.iswt0).cse                               
  reg(dout:rsci.iswt0).cse            1         Y                  reg(dout:rsci.iswt0).cse                              
  reg(input:rsci.oswt).cse            1         Y                  reg(input:rsci.oswt).cse                              
  reg(output:rsci.iswt0).cse          1         Y                  reg(output:rsci.iswt0).cse                            
                                                                                                                         
  Total:                            111            111          82 (Total Gating Ratio: 1.00, CG Opt Gating Ratio: 0.74) 
  
Timing Report
  Critical Path
    Max Delay:  2.4071399999999996
    Slack:      7.59286
    
    Path                                                              Startpoint                                     Endpoint                      Delay  Slack                       
    ----------------------------------------------------------------- ---------------------------------------------- ----------------------------- ------ ------ --------------------
    1                                                                 block0/fir:run:inst/reg(SHIFT:i(3:0).sva(2:0)) block0/fir:run:inst/reg(temp) 2.4071 7.5929                      
                                                                                                                                                                                      
      Instance                                                        Component                                                                    Delta  Delay  [MIN, MAX]           
      --------                                                        ---------                                                                    -----  -----  ------------------   
      block0/fir:run:inst/reg(SHIFT:i(3:0).sva(2:0))                  mgc_reg_pos_3_0_0_1_1_1_1_1                                                  0.1060 0.1060                      
      block0/fir:run:inst/SHIFT:i(3:0).sva(2:0)                                                                                                    0.0000 0.1060                      
      block0/fir:run:inst/SHIFT:i:slc(SHIFT:i(3:0).sva(2:0))(2)#2                                                                                  0.0000 0.1060                      
      block0/fir:run:inst/SHIFT:i:slc(SHIFT:i(3:0).sva(2:0))(2)#2.itm                                                                              0.0000 0.1060                      
      block0/fir:run:inst/not#9                                       mgc_not_1_1                                                                  0.0390 0.1450                      
      block0/fir:run:inst/not#9.itm                                                                                                                0.0000 0.1450                      
      block0/fir:run:inst/or#9                                        mgc_or_1_2_4                                                                 0.0981 0.2431                      
      block0/fir:run:inst/or.dcpl#9                                                                                                                0.0000 0.2431                      
      block0/fir:run:inst/or#10                                       mgc_or_1_2_4                                                                 0.0981 0.3413                      
      block0/fir:run:inst/or.dcpl#10                                                                                                               0.0000 0.3413                      
      block0/fir:run:inst/not#37                                      mgc_not_1_1                                                                  0.0390 0.3803                      
      block0/fir:run:inst/not#37.itm                                                                                                               0.0000 0.3803                      
      block0/fir:run:inst/MAC:and#5                                   mgc_and_1_2_3                                                                0.0459 0.4262                      
      block0/fir:run:inst/MAC:and#5.itm                                                                                                            0.0000 0.4262                      
      block0/fir:run:inst/MAC:or                                      mgc_or_1_7_4                                                                 0.1363 0.5625                      
      block0/fir:run:inst/MAC:or.itm                                                                                                               0.0000 0.5625                      
      block0/fir:run:inst/MAC:MAC:mux1h                               mgc_mux1hot_8_9_4                                                            0.1700 0.7324                      
      block0/fir:run:inst/MAC:MAC:mux1h.itm                                                                                                        0.0000 0.7324                      
      block0/fir:run:inst/MAC:mul                                     mgc_mul_8_1_8_1_16_7                                                         1.1570 1.8895 [0.912386, 1.889486] 
      block0/fir:run:inst/MAC:mul.itm                                                                                                              0.0000 1.8895 [0.912386, 1.889486] 
      block0/fir:run:inst/MAC:acc#1                                   mgc_addc_19_0_16_1_19_7                                                      0.4718 2.3612 [1.077863, 2.361248] 
      block0/fir:run:inst/temp.sva#2                                                                                                               0.0000 2.3612 [1.077863, 2.361248] 
      block0/fir:run:inst/temp:temp:and                               mgc_and_19_2_3                                                               0.0459 2.4071 [1.123755, 2.407140] 
      block0/fir:run:inst/temp:temp:and.itm                                                                                                        0.0000 2.4071 [1.123755, 2.407140] 
      block0/fir:run:inst/reg(temp)                                   mgc_reg_pos_19_0_0_1_1_1_1_1                                                 0.0000 2.4071                      
                                                                                                                                                                                      
    2                                                                 block1/fir:run:inst/reg(SHIFT:i(3:0).sva(2:0)) block1/fir:run:inst/reg(temp) 2.4071 7.5929                      
                                                                                                                                                                                      
      Instance                                                        Component                                                                    Delta  Delay  [MIN, MAX]           
      --------                                                        ---------                                                                    -----  -----  ------------------   
      block1/fir:run:inst/reg(SHIFT:i(3:0).sva(2:0))                  mgc_reg_pos_3_0_0_1_1_1_1_1                                                  0.1060 0.1060                      
      block1/fir:run:inst/SHIFT:i(3:0).sva(2:0)                                                                                                    0.0000 0.1060                      
      block1/fir:run:inst/SHIFT:i:slc(SHIFT:i(3:0).sva(2:0))(2)#2                                                                                  0.0000 0.1060                      
      block1/fir:run:inst/SHIFT:i:slc(SHIFT:i(3:0).sva(2:0))(2)#2.itm                                                                              0.0000 0.1060                      
      block1/fir:run:inst/not#9                                       mgc_not_1_1                                                                  0.0390 0.1450                      
      block1/fir:run:inst/not#9.itm                                                                                                                0.0000 0.1450                      
      block1/fir:run:inst/or#9                                        mgc_or_1_2_4                                                                 0.0981 0.2431                      
      block1/fir:run:inst/or.dcpl#9                                                                                                                0.0000 0.2431                      
      block1/fir:run:inst/or#10                                       mgc_or_1_2_4                                                                 0.0981 0.3413                      
      block1/fir:run:inst/or.dcpl#10                                                                                                               0.0000 0.3413                      
      block1/fir:run:inst/not#37                                      mgc_not_1_1                                                                  0.0390 0.3803                      
      block1/fir:run:inst/not#37.itm                                                                                                               0.0000 0.3803                      
      block1/fir:run:inst/MAC:and#5                                   mgc_and_1_2_3                                                                0.0459 0.4262                      
      block1/fir:run:inst/MAC:and#5.itm                                                                                                            0.0000 0.4262                      
      block1/fir:run:inst/MAC:or                                      mgc_or_1_7_4                                                                 0.1363 0.5625                      
      block1/fir:run:inst/MAC:or.itm                                                                                                               0.0000 0.5625                      
      block1/fir:run:inst/MAC:MAC:mux1h                               mgc_mux1hot_8_9_4                                                            0.1700 0.7324                      
      block1/fir:run:inst/MAC:MAC:mux1h.itm                                                                                                        0.0000 0.7324                      
      block1/fir:run:inst/MAC:mul                                     mgc_mul_8_1_8_1_16_7                                                         1.1570 1.8895 [0.912386, 1.889486] 
      block1/fir:run:inst/MAC:mul.itm                                                                                                              0.0000 1.8895 [0.912386, 1.889486] 
      block1/fir:run:inst/MAC:acc#1                                   mgc_addc_19_0_16_1_19_7                                                      0.4718 2.3612 [1.077863, 2.361248] 
      block1/fir:run:inst/temp.sva#2                                                                                                               0.0000 2.3612 [1.077863, 2.361248] 
      block1/fir:run:inst/temp:temp:and                               mgc_and_19_2_3                                                               0.0459 2.4071 [1.123755, 2.407140] 
      block1/fir:run:inst/temp:temp:and.itm                                                                                                        0.0000 2.4071 [1.123755, 2.407140] 
      block1/fir:run:inst/reg(temp)                                   mgc_reg_pos_19_0_0_1_1_1_1_1                                                 0.0000 2.4071                      
                                                                                                                                                                                      
    3                                                                 block0/fir:run:inst/reg(SHIFT:i(3:0).sva(2:0)) block0/fir:run:inst/reg(temp) 2.4071 7.5929                      
                                                                                                                                                                                      
      Instance                                                        Component                                                                    Delta  Delay  [MIN, MAX]           
      --------                                                        ---------                                                                    -----  -----  ------------------   
      block0/fir:run:inst/reg(SHIFT:i(3:0).sva(2:0))                  mgc_reg_pos_3_0_0_1_1_1_1_1                                                  0.1060 0.1060                      
      block0/fir:run:inst/SHIFT:i(3:0).sva(2:0)                                                                                                    0.0000 0.1060                      
      block0/fir:run:inst/SHIFT:i:slc(SHIFT:i(3:0).sva(2:0))(2)#2                                                                                  0.0000 0.1060                      
      block0/fir:run:inst/SHIFT:i:slc(SHIFT:i(3:0).sva(2:0))(2)#2.itm                                                                              0.0000 0.1060                      
      block0/fir:run:inst/not#9                                       mgc_not_1_1                                                                  0.0390 0.1450                      
      block0/fir:run:inst/not#9.itm                                                                                                                0.0000 0.1450                      
      block0/fir:run:inst/or#9                                        mgc_or_1_2_4                                                                 0.0981 0.2431                      
      block0/fir:run:inst/or.dcpl#9                                                                                                                0.0000 0.2431                      
      block0/fir:run:inst/or#16                                       mgc_or_1_2_4                                                                 0.0981 0.3413                      
      block0/fir:run:inst/or.dcpl#16                                                                                                               0.0000 0.3413                      
      block0/fir:run:inst/not#35                                      mgc_not_1_1                                                                  0.0390 0.3803                      
      block0/fir:run:inst/not#35.itm                                                                                                               0.0000 0.3803                      
      block0/fir:run:inst/MAC:and#3                                   mgc_and_1_2_3                                                                0.0459 0.4262                      
      block0/fir:run:inst/MAC:and#3.itm                                                                                                            0.0000 0.4262                      
      block0/fir:run:inst/MAC:or                                      mgc_or_1_7_4                                                                 0.1363 0.5625                      
      block0/fir:run:inst/MAC:or.itm                                                                                                               0.0000 0.5625                      
      block0/fir:run:inst/MAC:MAC:mux1h                               mgc_mux1hot_8_9_4                                                            0.1700 0.7324                      
      block0/fir:run:inst/MAC:MAC:mux1h.itm                                                                                                        0.0000 0.7324                      
      block0/fir:run:inst/MAC:mul                                     mgc_mul_8_1_8_1_16_7                                                         1.1570 1.8895 [0.912386, 1.889486] 
      block0/fir:run:inst/MAC:mul.itm                                                                                                              0.0000 1.8895 [0.912386, 1.889486] 
      block0/fir:run:inst/MAC:acc#1                                   mgc_addc_19_0_16_1_19_7                                                      0.4718 2.3612 [1.077863, 2.361248] 
      block0/fir:run:inst/temp.sva#2                                                                                                               0.0000 2.3612 [1.077863, 2.361248] 
      block0/fir:run:inst/temp:temp:and                               mgc_and_19_2_3                                                               0.0459 2.4071 [1.123755, 2.407140] 
      block0/fir:run:inst/temp:temp:and.itm                                                                                                        0.0000 2.4071 [1.123755, 2.407140] 
      block0/fir:run:inst/reg(temp)                                   mgc_reg_pos_19_0_0_1_1_1_1_1                                                 0.0000 2.4071                      
                                                                                                                                                                                      
    4                                                                 block1/fir:run:inst/reg(SHIFT:i(3:0).sva(2:0)) block1/fir:run:inst/reg(temp) 2.4071 7.5929                      
                                                                                                                                                                                      
      Instance                                                        Component                                                                    Delta  Delay  [MIN, MAX]           
      --------                                                        ---------                                                                    -----  -----  ------------------   
      block1/fir:run:inst/reg(SHIFT:i(3:0).sva(2:0))                  mgc_reg_pos_3_0_0_1_1_1_1_1                                                  0.1060 0.1060                      
      block1/fir:run:inst/SHIFT:i(3:0).sva(2:0)                                                                                                    0.0000 0.1060                      
      block1/fir:run:inst/SHIFT:i:slc(SHIFT:i(3:0).sva(2:0))(0)#5                                                                                  0.0000 0.1060                      
      block1/fir:run:inst/SHIFT:i:slc(SHIFT:i(3:0).sva(2:0))(0)#5.itm                                                                              0.0000 0.1060                      
      block1/fir:run:inst/not#8                                       mgc_not_1_1                                                                  0.0390 0.1450                      
      block1/fir:run:inst/not#8.itm                                                                                                                0.0000 0.1450                      
      block1/fir:run:inst/or#7                                        mgc_or_1_2_4                                                                 0.0981 0.2431                      
      block1/fir:run:inst/or.dcpl#7                                                                                                                0.0000 0.2431                      
      block1/fir:run:inst/or#8                                        mgc_or_1_2_4                                                                 0.0981 0.3413                      
      block1/fir:run:inst/or.dcpl#8                                                                                                                0.0000 0.3413                      
      block1/fir:run:inst/not#32                                      mgc_not_1_1                                                                  0.0390 0.3803                      
      block1/fir:run:inst/not#32.itm                                                                                                               0.0000 0.3803                      
      block1/fir:run:inst/MAC:and                                     mgc_and_1_2_3                                                                0.0459 0.4262                      
      block1/fir:run:inst/MAC:and.itm                                                                                                              0.0000 0.4262                      
      block1/fir:run:inst/MAC:or                                      mgc_or_1_7_4                                                                 0.1363 0.5625                      
      block1/fir:run:inst/MAC:or.itm                                                                                                               0.0000 0.5625                      
      block1/fir:run:inst/MAC:MAC:mux1h                               mgc_mux1hot_8_9_4                                                            0.1700 0.7324                      
      block1/fir:run:inst/MAC:MAC:mux1h.itm                                                                                                        0.0000 0.7324                      
      block1/fir:run:inst/MAC:mul                                     mgc_mul_8_1_8_1_16_7                                                         1.1570 1.8895 [0.912386, 1.889486] 
      block1/fir:run:inst/MAC:mul.itm                                                                                                              0.0000 1.8895 [0.912386, 1.889486] 
      block1/fir:run:inst/MAC:acc#1                                   mgc_addc_19_0_16_1_19_7                                                      0.4718 2.3612 [1.077863, 2.361248] 
      block1/fir:run:inst/temp.sva#2                                                                                                               0.0000 2.3612 [1.077863, 2.361248] 
      block1/fir:run:inst/temp:temp:and                               mgc_and_19_2_3                                                               0.0459 2.4071 [1.123755, 2.407140] 
      block1/fir:run:inst/temp:temp:and.itm                                                                                                        0.0000 2.4071 [1.123755, 2.407140] 
      block1/fir:run:inst/reg(temp)                                   mgc_reg_pos_19_0_0_1_1_1_1_1                                                 0.0000 2.4071                      
                                                                                                                                                                                      
    5                                                                 block1/fir:run:inst/reg(SHIFT:i(3:0).sva(2:0)) block1/fir:run:inst/reg(temp) 2.4071 7.5929                      
                                                                                                                                                                                      
      Instance                                                        Component                                                                    Delta  Delay  [MIN, MAX]           
      --------                                                        ---------                                                                    -----  -----  ------------------   
      block1/fir:run:inst/reg(SHIFT:i(3:0).sva(2:0))                  mgc_reg_pos_3_0_0_1_1_1_1_1                                                  0.1060 0.1060                      
      block1/fir:run:inst/SHIFT:i(3:0).sva(2:0)                                                                                                    0.0000 0.1060                      
      block1/fir:run:inst/SHIFT:i:slc(SHIFT:i(3:0).sva(2:0))(0)#5                                                                                  0.0000 0.1060                      
      block1/fir:run:inst/SHIFT:i:slc(SHIFT:i(3:0).sva(2:0))(0)#5.itm                                                                              0.0000 0.1060                      
      block1/fir:run:inst/not#8                                       mgc_not_1_1                                                                  0.0390 0.1450                      
      block1/fir:run:inst/not#8.itm                                                                                                                0.0000 0.1450                      
      block1/fir:run:inst/or#7                                        mgc_or_1_2_4                                                                 0.0981 0.2431                      
      block1/fir:run:inst/or.dcpl#7                                                                                                                0.0000 0.2431                      
      block1/fir:run:inst/or#14                                       mgc_or_1_2_4                                                                 0.0981 0.3413                      
      block1/fir:run:inst/or.dcpl#14                                                                                                               0.0000 0.3413                      
      block1/fir:run:inst/not#34                                      mgc_not_1_1                                                                  0.0390 0.3803                      
      block1/fir:run:inst/not#34.itm                                                                                                               0.0000 0.3803                      
      block1/fir:run:inst/MAC:and#2                                   mgc_and_1_2_3                                                                0.0459 0.4262                      
      block1/fir:run:inst/MAC:and#2.itm                                                                                                            0.0000 0.4262                      
      block1/fir:run:inst/MAC:or                                      mgc_or_1_7_4                                                                 0.1363 0.5625                      
      block1/fir:run:inst/MAC:or.itm                                                                                                               0.0000 0.5625                      
      block1/fir:run:inst/MAC:MAC:mux1h                               mgc_mux1hot_8_9_4                                                            0.1700 0.7324                      
      block1/fir:run:inst/MAC:MAC:mux1h.itm                                                                                                        0.0000 0.7324                      
      block1/fir:run:inst/MAC:mul                                     mgc_mul_8_1_8_1_16_7                                                         1.1570 1.8895 [0.912386, 1.889486] 
      block1/fir:run:inst/MAC:mul.itm                                                                                                              0.0000 1.8895 [0.912386, 1.889486] 
      block1/fir:run:inst/MAC:acc#1                                   mgc_addc_19_0_16_1_19_7                                                      0.4718 2.3612 [1.077863, 2.361248] 
      block1/fir:run:inst/temp.sva#2                                                                                                               0.0000 2.3612 [1.077863, 2.361248] 
      block1/fir:run:inst/temp:temp:and                               mgc_and_19_2_3                                                               0.0459 2.4071 [1.123755, 2.407140] 
      block1/fir:run:inst/temp:temp:and.itm                                                                                                        0.0000 2.4071 [1.123755, 2.407140] 
      block1/fir:run:inst/reg(temp)                                   mgc_reg_pos_19_0_0_1_1_1_1_1                                                 0.0000 2.4071                      
                                                                                                                                                                                      
    6                                                                 block0/fir:run:inst/reg(SHIFT:i(3:0).sva(2:0)) block0/fir:run:inst/reg(temp) 2.4071 7.5929                      
                                                                                                                                                                                      
      Instance                                                        Component                                                                    Delta  Delay  [MIN, MAX]           
      --------                                                        ---------                                                                    -----  -----  ------------------   
      block0/fir:run:inst/reg(SHIFT:i(3:0).sva(2:0))                  mgc_reg_pos_3_0_0_1_1_1_1_1                                                  0.1060 0.1060                      
      block0/fir:run:inst/SHIFT:i(3:0).sva(2:0)                                                                                                    0.0000 0.1060                      
      block0/fir:run:inst/SHIFT:i:slc(SHIFT:i(3:0).sva(2:0))(0)#5                                                                                  0.0000 0.1060                      
      block0/fir:run:inst/SHIFT:i:slc(SHIFT:i(3:0).sva(2:0))(0)#5.itm                                                                              0.0000 0.1060                      
      block0/fir:run:inst/not#8                                       mgc_not_1_1                                                                  0.0390 0.1450                      
      block0/fir:run:inst/not#8.itm                                                                                                                0.0000 0.1450                      
      block0/fir:run:inst/or#7                                        mgc_or_1_2_4                                                                 0.0981 0.2431                      
      block0/fir:run:inst/or.dcpl#7                                                                                                                0.0000 0.2431                      
      block0/fir:run:inst/or#14                                       mgc_or_1_2_4                                                                 0.0981 0.3413                      
      block0/fir:run:inst/or.dcpl#14                                                                                                               0.0000 0.3413                      
      block0/fir:run:inst/not#34                                      mgc_not_1_1                                                                  0.0390 0.3803                      
      block0/fir:run:inst/not#34.itm                                                                                                               0.0000 0.3803                      
      block0/fir:run:inst/MAC:and#2                                   mgc_and_1_2_3                                                                0.0459 0.4262                      
      block0/fir:run:inst/MAC:and#2.itm                                                                                                            0.0000 0.4262                      
      block0/fir:run:inst/MAC:or                                      mgc_or_1_7_4                                                                 0.1363 0.5625                      
      block0/fir:run:inst/MAC:or.itm                                                                                                               0.0000 0.5625                      
      block0/fir:run:inst/MAC:MAC:mux1h                               mgc_mux1hot_8_9_4                                                            0.1700 0.7324                      
      block0/fir:run:inst/MAC:MAC:mux1h.itm                                                                                                        0.0000 0.7324                      
      block0/fir:run:inst/MAC:mul                                     mgc_mul_8_1_8_1_16_7                                                         1.1570 1.8895 [0.912386, 1.889486] 
      block0/fir:run:inst/MAC:mul.itm                                                                                                              0.0000 1.8895 [0.912386, 1.889486] 
      block0/fir:run:inst/MAC:acc#1                                   mgc_addc_19_0_16_1_19_7                                                      0.4718 2.3612 [1.077863, 2.361248] 
      block0/fir:run:inst/temp.sva#2                                                                                                               0.0000 2.3612 [1.077863, 2.361248] 
      block0/fir:run:inst/temp:temp:and                               mgc_and_19_2_3                                                               0.0459 2.4071 [1.123755, 2.407140] 
      block0/fir:run:inst/temp:temp:and.itm                                                                                                        0.0000 2.4071 [1.123755, 2.407140] 
      block0/fir:run:inst/reg(temp)                                   mgc_reg_pos_19_0_0_1_1_1_1_1                                                 0.0000 2.4071                      
                                                                                                                                                                                      
    7                                                                 block0/fir:run:inst/reg(SHIFT:i(3:0).sva(2:0)) block0/fir:run:inst/reg(temp) 2.4071 7.5929                      
                                                                                                                                                                                      
      Instance                                                        Component                                                                    Delta  Delay  [MIN, MAX]           
      --------                                                        ---------                                                                    -----  -----  ------------------   
      block0/fir:run:inst/reg(SHIFT:i(3:0).sva(2:0))                  mgc_reg_pos_3_0_0_1_1_1_1_1                                                  0.1060 0.1060                      
      block0/fir:run:inst/SHIFT:i(3:0).sva(2:0)                                                                                                    0.0000 0.1060                      
      block0/fir:run:inst/SHIFT:i:slc(SHIFT:i(3:0).sva(2:0))(0)#5                                                                                  0.0000 0.1060                      
      block0/fir:run:inst/SHIFT:i:slc(SHIFT:i(3:0).sva(2:0))(0)#5.itm                                                                              0.0000 0.1060                      
      block0/fir:run:inst/not#8                                       mgc_not_1_1                                                                  0.0390 0.1450                      
      block0/fir:run:inst/not#8.itm                                                                                                                0.0000 0.1450                      
      block0/fir:run:inst/or#7                                        mgc_or_1_2_4                                                                 0.0981 0.2431                      
      block0/fir:run:inst/or.dcpl#7                                                                                                                0.0000 0.2431                      
      block0/fir:run:inst/or#8                                        mgc_or_1_2_4                                                                 0.0981 0.3413                      
      block0/fir:run:inst/or.dcpl#8                                                                                                                0.0000 0.3413                      
      block0/fir:run:inst/not#32                                      mgc_not_1_1                                                                  0.0390 0.3803                      
      block0/fir:run:inst/not#32.itm                                                                                                               0.0000 0.3803                      
      block0/fir:run:inst/MAC:and                                     mgc_and_1_2_3                                                                0.0459 0.4262                      
      block0/fir:run:inst/MAC:and.itm                                                                                                              0.0000 0.4262                      
      block0/fir:run:inst/MAC:or                                      mgc_or_1_7_4                                                                 0.1363 0.5625                      
      block0/fir:run:inst/MAC:or.itm                                                                                                               0.0000 0.5625                      
      block0/fir:run:inst/MAC:MAC:mux1h                               mgc_mux1hot_8_9_4                                                            0.1700 0.7324                      
      block0/fir:run:inst/MAC:MAC:mux1h.itm                                                                                                        0.0000 0.7324                      
      block0/fir:run:inst/MAC:mul                                     mgc_mul_8_1_8_1_16_7                                                         1.1570 1.8895 [0.912386, 1.889486] 
      block0/fir:run:inst/MAC:mul.itm                                                                                                              0.0000 1.8895 [0.912386, 1.889486] 
      block0/fir:run:inst/MAC:acc#1                                   mgc_addc_19_0_16_1_19_7                                                      0.4718 2.3612 [1.077863, 2.361248] 
      block0/fir:run:inst/temp.sva#2                                                                                                               0.0000 2.3612 [1.077863, 2.361248] 
      block0/fir:run:inst/temp:temp:and                               mgc_and_19_2_3                                                               0.0459 2.4071 [1.123755, 2.407140] 
      block0/fir:run:inst/temp:temp:and.itm                                                                                                        0.0000 2.4071 [1.123755, 2.407140] 
      block0/fir:run:inst/reg(temp)                                   mgc_reg_pos_19_0_0_1_1_1_1_1                                                 0.0000 2.4071                      
                                                                                                                                                                                      
    8                                                                 block1/fir:run:inst/reg(SHIFT:i(3:0).sva(2:0)) block1/fir:run:inst/reg(temp) 2.4071 7.5929                      
                                                                                                                                                                                      
      Instance                                                        Component                                                                    Delta  Delay  [MIN, MAX]           
      --------                                                        ---------                                                                    -----  -----  ------------------   
      block1/fir:run:inst/reg(SHIFT:i(3:0).sva(2:0))                  mgc_reg_pos_3_0_0_1_1_1_1_1                                                  0.1060 0.1060                      
      block1/fir:run:inst/SHIFT:i(3:0).sva(2:0)                                                                                                    0.0000 0.1060                      
      block1/fir:run:inst/SHIFT:i:slc(SHIFT:i(3:0).sva(2:0))(2)#2                                                                                  0.0000 0.1060                      
      block1/fir:run:inst/SHIFT:i:slc(SHIFT:i(3:0).sva(2:0))(2)#2.itm                                                                              0.0000 0.1060                      
      block1/fir:run:inst/not#9                                       mgc_not_1_1                                                                  0.0390 0.1450                      
      block1/fir:run:inst/not#9.itm                                                                                                                0.0000 0.1450                      
      block1/fir:run:inst/or#9                                        mgc_or_1_2_4                                                                 0.0981 0.2431                      
      block1/fir:run:inst/or.dcpl#9                                                                                                                0.0000 0.2431                      
      block1/fir:run:inst/or#16                                       mgc_or_1_2_4                                                                 0.0981 0.3413                      
      block1/fir:run:inst/or.dcpl#16                                                                                                               0.0000 0.3413                      
      block1/fir:run:inst/not#35                                      mgc_not_1_1                                                                  0.0390 0.3803                      
      block1/fir:run:inst/not#35.itm                                                                                                               0.0000 0.3803                      
      block1/fir:run:inst/MAC:and#3                                   mgc_and_1_2_3                                                                0.0459 0.4262                      
      block1/fir:run:inst/MAC:and#3.itm                                                                                                            0.0000 0.4262                      
      block1/fir:run:inst/MAC:or                                      mgc_or_1_7_4                                                                 0.1363 0.5625                      
      block1/fir:run:inst/MAC:or.itm                                                                                                               0.0000 0.5625                      
      block1/fir:run:inst/MAC:MAC:mux1h                               mgc_mux1hot_8_9_4                                                            0.1700 0.7324                      
      block1/fir:run:inst/MAC:MAC:mux1h.itm                                                                                                        0.0000 0.7324                      
      block1/fir:run:inst/MAC:mul                                     mgc_mul_8_1_8_1_16_7                                                         1.1570 1.8895 [0.912386, 1.889486] 
      block1/fir:run:inst/MAC:mul.itm                                                                                                              0.0000 1.8895 [0.912386, 1.889486] 
      block1/fir:run:inst/MAC:acc#1                                   mgc_addc_19_0_16_1_19_7                                                      0.4718 2.3612 [1.077863, 2.361248] 
      block1/fir:run:inst/temp.sva#2                                                                                                               0.0000 2.3612 [1.077863, 2.361248] 
      block1/fir:run:inst/temp:temp:and                               mgc_and_19_2_3                                                               0.0459 2.4071 [1.123755, 2.407140] 
      block1/fir:run:inst/temp:temp:and.itm                                                                                                        0.0000 2.4071 [1.123755, 2.407140] 
      block1/fir:run:inst/reg(temp)                                   mgc_reg_pos_19_0_0_1_1_1_1_1                                                 0.0000 2.4071                      
                                                                                                                                                                                      
    9                                                                 block1/fir:run:inst/reg(SHIFT:i(3:0).sva(2:0)) block1/fir:run:inst/reg(temp) 2.3681 7.6319                      
                                                                                                                                                                                      
      Instance                                                        Component                                                                    Delta  Delay  [MIN, MAX]           
      --------                                                        ---------                                                                    -----  -----  ------------------   
      block1/fir:run:inst/reg(SHIFT:i(3:0).sva(2:0))                  mgc_reg_pos_3_0_0_1_1_1_1_1                                                  0.1060 0.1060                      
      block1/fir:run:inst/SHIFT:i(3:0).sva(2:0)                                                                                                    0.0000 0.1060                      
      block1/fir:run:inst/SHIFT:i:slc(SHIFT:i(3:0).sva(2:0))(0)#6                                                                                  0.0000 0.1060                      
      block1/fir:run:inst/SHIFT:i:slc(SHIFT:i(3:0).sva(2:0))(0)#6.itm                                                                              0.0000 0.1060                      
      block1/fir:run:inst/or#9                                        mgc_or_1_2_4                                                                 0.0981 0.2041                      
      block1/fir:run:inst/or.dcpl#9                                                                                                                0.0000 0.2041                      
      block1/fir:run:inst/or#16                                       mgc_or_1_2_4                                                                 0.0981 0.3023                      
      block1/fir:run:inst/or.dcpl#16                                                                                                               0.0000 0.3023                      
      block1/fir:run:inst/not#35                                      mgc_not_1_1                                                                  0.0390 0.3413                      
      block1/fir:run:inst/not#35.itm                                                                                                               0.0000 0.3413                      
      block1/fir:run:inst/MAC:and#3                                   mgc_and_1_2_3                                                                0.0459 0.3872                      
      block1/fir:run:inst/MAC:and#3.itm                                                                                                            0.0000 0.3872                      
      block1/fir:run:inst/MAC:or                                      mgc_or_1_7_4                                                                 0.1363 0.5235                      
      block1/fir:run:inst/MAC:or.itm                                                                                                               0.0000 0.5235                      
      block1/fir:run:inst/MAC:MAC:mux1h                               mgc_mux1hot_8_9_4                                                            0.1700 0.6934                      
      block1/fir:run:inst/MAC:MAC:mux1h.itm                                                                                                        0.0000 0.6934                      
      block1/fir:run:inst/MAC:mul                                     mgc_mul_8_1_8_1_16_7                                                         1.1570 1.8505 [0.873386, 1.850486] 
      block1/fir:run:inst/MAC:mul.itm                                                                                                              0.0000 1.8505 [0.873386, 1.850486] 
      block1/fir:run:inst/MAC:acc#1                                   mgc_addc_19_0_16_1_19_7                                                      0.4718 2.3222 [1.038863, 2.322248] 
      block1/fir:run:inst/temp.sva#2                                                                                                               0.0000 2.3222 [1.038863, 2.322248] 
      block1/fir:run:inst/temp:temp:and                               mgc_and_19_2_3                                                               0.0459 2.3681 [1.084755, 2.368140] 
      block1/fir:run:inst/temp:temp:and.itm                                                                                                        0.0000 2.3681 [1.084755, 2.368140] 
      block1/fir:run:inst/reg(temp)                                   mgc_reg_pos_19_0_0_1_1_1_1_1                                                 0.0000 2.3681                      
                                                                                                                                                                                      
    10                                                                block0/fir:run:inst/reg(SHIFT:i(3:0).sva(2:0)) block0/fir:run:inst/reg(temp) 2.3681 7.6319                      
                                                                                                                                                                                      
      Instance                                                        Component                                                                    Delta  Delay  [MIN, MAX]           
      --------                                                        ---------                                                                    -----  -----  ------------------   
      block0/fir:run:inst/reg(SHIFT:i(3:0).sva(2:0))                  mgc_reg_pos_3_0_0_1_1_1_1_1                                                  0.1060 0.1060                      
      block0/fir:run:inst/SHIFT:i(3:0).sva(2:0)                                                                                                    0.0000 0.1060                      
      block0/fir:run:inst/SHIFT:i:slc(SHIFT:i(3:0).sva(2:0))(0)#6                                                                                  0.0000 0.1060                      
      block0/fir:run:inst/SHIFT:i:slc(SHIFT:i(3:0).sva(2:0))(0)#6.itm                                                                              0.0000 0.1060                      
      block0/fir:run:inst/or#9                                        mgc_or_1_2_4                                                                 0.0981 0.2041                      
      block0/fir:run:inst/or.dcpl#9                                                                                                                0.0000 0.2041                      
      block0/fir:run:inst/or#16                                       mgc_or_1_2_4                                                                 0.0981 0.3023                      
      block0/fir:run:inst/or.dcpl#16                                                                                                               0.0000 0.3023                      
      block0/fir:run:inst/not#35                                      mgc_not_1_1                                                                  0.0390 0.3413                      
      block0/fir:run:inst/not#35.itm                                                                                                               0.0000 0.3413                      
      block0/fir:run:inst/MAC:and#3                                   mgc_and_1_2_3                                                                0.0459 0.3872                      
      block0/fir:run:inst/MAC:and#3.itm                                                                                                            0.0000 0.3872                      
      block0/fir:run:inst/MAC:or                                      mgc_or_1_7_4                                                                 0.1363 0.5235                      
      block0/fir:run:inst/MAC:or.itm                                                                                                               0.0000 0.5235                      
      block0/fir:run:inst/MAC:MAC:mux1h                               mgc_mux1hot_8_9_4                                                            0.1700 0.6934                      
      block0/fir:run:inst/MAC:MAC:mux1h.itm                                                                                                        0.0000 0.6934                      
      block0/fir:run:inst/MAC:mul                                     mgc_mul_8_1_8_1_16_7                                                         1.1570 1.8505 [0.873386, 1.850486] 
      block0/fir:run:inst/MAC:mul.itm                                                                                                              0.0000 1.8505 [0.873386, 1.850486] 
      block0/fir:run:inst/MAC:acc#1                                   mgc_addc_19_0_16_1_19_7                                                      0.4718 2.3222 [1.038863, 2.322248] 
      block0/fir:run:inst/temp.sva#2                                                                                                               0.0000 2.3222 [1.038863, 2.322248] 
      block0/fir:run:inst/temp:temp:and                               mgc_and_19_2_3                                                               0.0459 2.3681 [1.084755, 2.368140] 
      block0/fir:run:inst/temp:temp:and.itm                                                                                                        0.0000 2.3681 [1.084755, 2.368140] 
      block0/fir:run:inst/reg(temp)                                   mgc_reg_pos_19_0_0_1_1_1_1_1                                                 0.0000 2.3681                      
                                                                                                                                                                                      
    
  Register Input and Register-to-Output Slack
    Clock period or pin-to-reg delay constraint (clk): 10.0
    Clock uncertainty constraint (clk)               : 0.0
    
    Instance                               Port                                                  Slack (Delay) Messages 
    -------------------------------------- ---------------------------------------------------- ------ ------- --------
    decimator:run/reg(dout:rsci.idat)      din:rsci.idat.mxwt                                   9.8940  0.1060          
    decimator:run/reg(dout:rsci.iswt0)     and#2.itm                                            9.7374  0.2626          
    decimator:run/reg(din:rsci.iswt0)      temp:not.itm                                         9.9610  0.0390          
    decimator:run/reg(count(2:0).sva(1:0)) acc.itm                                              9.7085  0.2915          
    fir:run/reg(input:rsci.oswt)           and#4.itm                                            9.3520  0.6480          
    fir:run/reg(regs(5))                   SHIFT:else:SHIFT:else:slc(regs,*8)(7-0)#1.ctmp.sva#1 7.8123  2.1877          
    fir:run/reg(regs(1))                   SHIFT:else:SHIFT:else:slc(regs,*8)(7-0)#1.ctmp.sva#1 7.8123  2.1877          
    fir:run/reg(regs(6))                   SHIFT:else:SHIFT:else:slc(regs,*8)(7-0)#1.ctmp.sva#1 7.8123  2.1877          
    fir:run/reg(regs(2))                   SHIFT:else:SHIFT:else:slc(regs,*8)(7-0)#1.ctmp.sva#1 7.8123  2.1877          
    fir:run/reg(regs(7))                   SHIFT:else:SHIFT:else:slc(regs,*8)(7-0)#1.ctmp.sva#1 7.8123  2.1877          
    fir:run/reg(regs(3))                   SHIFT:else:SHIFT:else:slc(regs,*8)(7-0)#1.ctmp.sva#1 7.8123  2.1877          
    fir:run/reg(SHIFT:i(3:0).sva(2:0))     SHIFT:i:SHIFT:i:or.itm                               9.5353  0.4647          
    fir:run/reg(regs(0))                   regs(0).lpi#2:mx1                                    7.7389  2.2611          
    fir:run/reg(regs(4))                   SHIFT:else:SHIFT:else:slc(regs,*8)(7-0)#1.ctmp.sva#1 7.8123  2.1877          
    fir:run/reg(MAC:i(3:0).sva(2:0))       SHIFT:i:SHIFT:i:or#1.itm                             9.5353  0.4647          
    fir:run/reg(temp)                      temp:temp:and.itm                                    7.5929  2.4071          
    fir:run/reg(output:rsci.idat)          temp:slc(temp.sva#2)(18-11).itm                      7.6388  2.3612          
    fir:run/reg(output:rsci.iswt0)         and#28.itm                                           9.4941  0.5059          
    top                                    din:rsc.rdy                                          9.8940  0.1060          
    top                                    dout:rsc.dat                                         9.8940  0.1060          
    top                                    dout:rsc.vld                                         9.8940  0.1060          
    
Operator Bitwidth Summary
  Operation  Size (bits) Count 
  ---------- ----------- -----
  add                          
  -                    4     4 
  -                    2     1 
  -                   19     2 
  and                          
  -                   19     2 
  -                    1    80 
  mul                          
  -                   16     2 
  mux                          
  -                    8     6 
  mux1h                        
  -                    8     2 
  nand                         
  -                    1     2 
  nor                          
  -                    1    29 
  not                          
  -                    1    59 
  or                           
  -                    3     4 
  -                    1    32 
  read_port                    
  -                    8     3 
  reg                          
  -                    8    19 
  -                    3     4 
  -                    2     1 
  -                   19     2 
  -                    1     6 
  write_port                   
  -                    0     3 
  
End of Report
