-- Catapult Ultra Synthesis: Report                                              
-- ------------------------- ---------------------------------------------------
-- Version:                  2024.1/1091966 Production Release                   
-- Build Date:               Wed Feb 14 09:07:18 PST 2024                        
                                                                                 
-- Generated by:             m111061545@ws41                                     
-- Generated date:           Sun Apr 07 21:44:26 CST 2024                        

Solution Settings: top.v6
  Current state: extract
  Project: Catapult

Design Input Files Specified
  $PROJECT_HOME/fir.h
    $MGC_HOME/shared/include/ac_int.h
    $MGC_HOME/shared/include/ac_channel.h
    $MGC_HOME/shared/include/mc_scverify.h
  $PROJECT_HOME/decimator.h
    $MGC_HOME/shared/include/ac_int.h
    $MGC_HOME/shared/include/ac_channel.h
    $MGC_HOME/shared/include/mc_scverify.h
  $PROJECT_HOME/top_tb.cpp
  $PROJECT_HOME/top.h
    $PROJECT_HOME/fir.h
      $MGC_HOME/shared/include/ac_int.h
      $MGC_HOME/shared/include/ac_channel.h
      $MGC_HOME/shared/include/mc_scverify.h
    $PROJECT_HOME/decimator.h
      $MGC_HOME/shared/include/mc_scverify.h

Processes/Blocks in Design
  Process            Real Operation(s) count Latency Throughput Reset Length II Comments 
  ------------------ ----------------------- ------- ---------- ------------ -- --------
  /top/decimator/run                       6       1          1            1  0          
  /top/fir/run                            17       8          9            1  0          
  Design Total:                           23       9          9            1  0          
  
Bill Of Materials (Datapath)
  Component Name                 Area Score Area(Combinational)  AreaSeq Delay Post Alloc Post Assign 
  ------------------------------ ---------- ------------------- -------- ----- ---------- -----------
  [Lib: ccs_ioport]                                                                                   
  ccs_in_wait(1,8)                    0.000               0.000    0.000 0.000          1           2 
  ccs_in_wait(5,8)                    0.000               0.000    0.000 0.000          1           1 
  ccs_out_wait(3,8)                   0.000               0.000    0.000 0.000          1           2 
  ccs_out_wait(6,8)                   0.000               0.000    0.000 0.000          1           1 
  [Lib: nangate-45nm_beh]                                                                             
  mgc_add(16,1,16,1,17,7)            69.266             105.346    0.000 1.195          4           2 
  mgc_add(17,1,17,1,18,7)            73.312             114.144    0.000 1.266          2           2 
  mgc_add(18,1,18,1,19,7)            77.594             122.878    0.000 1.337          1           2 
  mgc_add(2,0,1,0,2,7)                6.916               0.000    0.000 0.186          0           1 
  mgc_add(2,0,2,1,3,7)               10.040               0.000    0.000 0.237          1           0 
  mgc_and(1,2,3)                      0.796               0.765    0.000 0.046          0          36 
  mgc_and(3,2,3)                      2.387               3.345    0.000 0.046          1           0 
  mgc_mul(8,1,8,1,16,7)             288.327             332.359    0.000 1.157          1           2 
  mgc_mux(16,1,2,5)                  29.792              37.145    0.000 0.172          0           4 
  mgc_mux(17,1,2,5)                  31.654              39.696    0.000 0.144          0           2 
  mgc_mux(8,1,2,1)                   25.536              45.010    0.000 0.114          0           5 
  mgc_mux(9,1,2,5)                   24.738              18.720    0.000 0.120          0           4 
  mgc_mux1hot(8,3,4)                 21.469              21.200    0.000 0.125          0           2 
  mgc_mux1hot(8,8,4)                 55.516              68.602    0.000 0.165          0           4 
  mgc_nor(1,2,4)                      0.699               0.000    0.000 0.111          0           8 
  mgc_not(1,1)                        0.532               0.532    0.000 0.039          0          16 
  mgc_or(1,2,4)                       0.896               0.000    0.000 0.098          0          12 
  mgc_or(1,3,4)                       1.333               0.000    0.000 0.110          0           6 
  mgc_reg_pos(1,0,0,1,1,0,0,1)        6.384               1.862    4.522 0.106          0           2 
  mgc_reg_pos(1,0,0,1,1,1,1,1)        6.384               1.862    4.522 0.106          0           8 
  mgc_reg_pos(16,0,0,1,1,1,1,1)     102.144              29.792   72.352 0.106          0           2 
  mgc_reg_pos(17,0,0,1,1,1,1,1)     108.528              31.654   76.874 0.106          0           2 
  mgc_reg_pos(2,0,0,1,1,1,1,1)       12.768               3.724    9.044 0.106          0           1 
  mgc_reg_pos(8,0,0,1,1,1,1,1)       51.072              14.896   36.176 0.106          0          20 
  mgc_reg_pos(9,0,0,1,1,1,1,1)       57.456              16.758   40.698 0.106          0           2 
                                                                                                      
  TOTAL AREA (After Assignment):   3393.829            2707.000 1158.000                              
  
Area Scores
                    Post-Scheduling   Post-DP & FSM Post-Assignment 
  ----------------- --------------- --------------- ---------------
  Total Area Score:   3296.2          7719.3          3509.8        
  Total Reg:          1704.5  (52%)   1750.3  (23%)   1750.3  (50%) 
                                                                    
  DataPath:           3296.2 (100%)   7603.3  (98%)   3393.8  (97%) 
    MUX:                 0.0           281.7   (4%)    674.1  (20%) 
    FUNC:             1589.3  (48%)   5625.8  (74%)   1023.9  (30%) 
    LOGIC:               2.4   (0%)     61.5   (1%)     61.5   (2%) 
    BUFFER:              0.0             0.0             0.0        
    MEM:                 0.0             0.0             0.0        
    ROM:                 0.0             0.0             0.0        
    REG:              1704.5  (52%)   1634.3  (21%)   1634.3  (48%) 
                                                                    
  
  FSM:                   0.0           116.0   (2%)    116.0   (3%) 
    FSM-REG:             0.0           116.0 (100%)    116.0 (100%) 
    FSM-COMB:            0.0             0.0             0.0        
                                                                    
  
  
  (MUX = multiplexers; FUNC = datapath logic (e.g. add/mult); LOGIC = control logic)

Register-to-Variable Mappings
  Register                   Size(bits) Gated Register CG Opt Done Variables                                             
  -------------------------- ---------- -------------- ----------- -----------------------------------------------------
  MAC:acc#7.itm                      17         Y           Y      MAC:acc#7.itm                                         
  MAC-3:mul.itm                      16         Y                  MAC-3:mul.itm                                         
                                                                   MAC-5:mul.itm                                         
                                                                   MAC-7:mul.itm                                         
                                                                   MAC-2:mul.itm                                         
  MAC:acc#8.itm(16:8)                 9         Y           Y      MAC:acc#8.itm                                         
                                                                   MAC:acc#6.itm                                         
                                                                   SHIFT:if:asn.ncse.sva                                 
  MAC:acc#8.itm(7:0)                  8         Y           Y      MAC:acc#8.itm                                         
                                                                   MAC:acc#6.itm                                         
                                                                   SHIFT:if:asn.ncse.sva                                 
  MAC:asn#10.itm                      8         Y           Y      MAC:asn#10.itm                                        
  MAC:asn#12.itm                      8         Y           Y      MAC:asn#12.itm                                        
                                                                   regs(1).sva                                           
  din:rsci.idat.bfwt                  8         Y           Y      din:rsci.idat.bfwt                                    
  dout:rsci.idat                      8         Y           Y      dout:rsci.idat                                        
  output:rsci.idat                    8         Y           Y      output:rsci.idat                                      
  reg(MAC:asn#4).cse                  8         Y           Y      reg(MAC:asn#4).cse                                    
  reg(MAC:asn#8).cse                  8         Y           Y      reg(MAC:asn#8).cse                                    
  regs(0).sva                         8         Y           Y      regs(0).sva                                           
  regs(2).sva                         8         Y           Y      regs(2).sva                                           
  regs(6).sva                         8         Y           Y      regs(6).sva                                           
  count(2:0).sva(1:0)                 2         Y           Y      count(2:0).sva(1:0)                                   
  MAC:acc#8.itm(17)                   1         Y           Y      MAC:acc#8.itm                                         
                                                                   MAC:acc#6.itm                                         
                                                                   SHIFT:if:asn.ncse.sva                                 
  din:rsci.bcwt                       1                            din:rsci.bcwt                                         
  dout:rsci.bcwt                      1                            dout:rsci.bcwt                                        
  reg(din:rsci.iswt0).cse             1         Y                  reg(din:rsci.iswt0).cse                               
  reg(dout:rsci.iswt0).cse            1         Y                  reg(dout:rsci.iswt0).cse                              
  reg(input:rsci.iswt0).cse           1         Y                  reg(input:rsci.iswt0).cse                             
  reg(output:rsci.iswt0).cse          1         Y                  reg(output:rsci.iswt0).cse                            
                                                                                                                         
  Total:                            139            137         117 (Total Gating Ratio: 0.99, CG Opt Gating Ratio: 0.84) 
  
Timing Report
  Critical Path
    Max Delay:  3.3750099999999996
    Slack:      6.62499
    
    Path                                                  Startpoint                           Endpoint                                  Delay  Slack                       
    ----------------------------------------------------- ------------------------------------ ----------------------------------------- ------ ------ --------------------
    1                                                     block0/fir:run:inst/reg(MAC:asn#12)  block0/fir:run:inst/reg(output:rsci.idat) 3.3750 6.6250                      
                                                                                                                                                                            
      Instance                                            Component                                                                      Delta  Delay  [MIN, MAX]           
      --------                                            ---------                                                                      -----  -----  ------------------   
      block0/fir:run:inst/reg(MAC:asn#12)                 mgc_reg_pos_8_0_0_1_1_1_1_1                                                    0.1060 0.1060                      
      block0/fir:run:inst/MAC:asn#12.itm                                                                                                 0.0000 0.1060                      
      block0/fir:run:inst/MAC:mux1h#3                     mgc_mux1hot_8_8_4                                                              0.1652 0.2712                      
      block0/fir:run:inst/MAC:mux1h#3.itm                                                                                                0.0000 0.2712                      
      block0/fir:run:inst/MAC-1:mul:rg                    mgc_mul_8_1_8_1_16_7                                                           1.1570 1.4282                      
      block0/fir:run:inst/z.out                                                                                                          0.0000 1.4282                      
      block0/fir:run:inst/MAC:MAC:mux#1                   mgc_mux_16_1_2_5                                                               0.1724 1.6006                      
      block0/fir:run:inst/MAC:MAC:mux#1.itm                                                                                              0.0000 1.6006                      
      block0/fir:run:inst/MAC:acc#4:rg                    mgc_addc_16_1_16_1_17_7(b=>z)                                                  1.1948 2.7954 [1.747054, 2.795390] 
      block0/fir:run:inst/z.out#1                                                                                                        0.0000 2.7954 [1.747054, 2.795390] 
      block0/fir:run:inst/MAC:mux#4                       mgc_mux_17_1_2_5                                                               0.1441 2.9395 [1.891140, 2.939476] 
      block0/fir:run:inst/MAC:mux#4.itm                                                                                                  0.0000 2.9395 [1.891140, 2.939476] 
      block0/fir:run:inst/MAC:acc:rg                      mgc_addc_17_1_17_1_18_7(b=>z)                                                  0.2177 3.1572 [2.037608, 3.157223] 
      block0/fir:run:inst/z.out#2                                                                                                        0.0000 3.1572 [2.037608, 3.157223] 
      block0/fir:run:inst/MAC-8:acc#1                     mgc_addc_18_1_18_1_19_7                                                        0.2178 3.3750 [2.184076, 3.375010] 
      block0/fir:run:inst/MAC-8:acc#1.itm                                                                                                0.0000 3.3750 [2.184076, 3.375010] 
      block0/fir:run:inst/MAC:slc(MAC-8:acc#1)(18-11)                                                                                    0.0000 3.3750 [2.911869, 3.375010] 
      block0/fir:run:inst/MAC:slc(MAC-8:acc#1)(18-11).itm                                                                                0.0000 3.3750 [2.911869, 3.375010] 
      block0/fir:run:inst/reg(output:rsci.idat)           mgc_reg_pos_8_0_0_1_1_1_1_1                                                    0.0000 3.3750                      
                                                                                                                                                                            
    2                                                     block1/fir:run:inst/reg(MAC:asn#12)  block1/fir:run:inst/reg(output:rsci.idat) 3.3750 6.6250                      
                                                                                                                                                                            
      Instance                                            Component                                                                      Delta  Delay  [MIN, MAX]           
      --------                                            ---------                                                                      -----  -----  ------------------   
      block1/fir:run:inst/reg(MAC:asn#12)                 mgc_reg_pos_8_0_0_1_1_1_1_1                                                    0.1060 0.1060                      
      block1/fir:run:inst/MAC:asn#12.itm                                                                                                 0.0000 0.1060                      
      block1/fir:run:inst/MAC:mux1h#3                     mgc_mux1hot_8_8_4                                                              0.1652 0.2712                      
      block1/fir:run:inst/MAC:mux1h#3.itm                                                                                                0.0000 0.2712                      
      block1/fir:run:inst/MAC-1:mul:rg                    mgc_mul_8_1_8_1_16_7                                                           1.1570 1.4282                      
      block1/fir:run:inst/z.out                                                                                                          0.0000 1.4282                      
      block1/fir:run:inst/MAC:MAC:mux#1                   mgc_mux_16_1_2_5                                                               0.1724 1.6006                      
      block1/fir:run:inst/MAC:MAC:mux#1.itm                                                                                              0.0000 1.6006                      
      block1/fir:run:inst/MAC:acc#4:rg                    mgc_addc_16_1_16_1_17_7(b=>z)                                                  1.1948 2.7954 [1.747054, 2.795390] 
      block1/fir:run:inst/z.out#1                                                                                                        0.0000 2.7954 [1.747054, 2.795390] 
      block1/fir:run:inst/MAC:mux#4                       mgc_mux_17_1_2_5                                                               0.1441 2.9395 [1.891140, 2.939476] 
      block1/fir:run:inst/MAC:mux#4.itm                                                                                                  0.0000 2.9395 [1.891140, 2.939476] 
      block1/fir:run:inst/MAC:acc:rg                      mgc_addc_17_1_17_1_18_7(b=>z)                                                  0.2177 3.1572 [2.037608, 3.157223] 
      block1/fir:run:inst/z.out#2                                                                                                        0.0000 3.1572 [2.037608, 3.157223] 
      block1/fir:run:inst/MAC-8:acc#1                     mgc_addc_18_1_18_1_19_7                                                        0.2178 3.3750 [2.184076, 3.375010] 
      block1/fir:run:inst/MAC-8:acc#1.itm                                                                                                0.0000 3.3750 [2.184076, 3.375010] 
      block1/fir:run:inst/MAC:slc(MAC-8:acc#1)(18-11)                                                                                    0.0000 3.3750 [2.911869, 3.375010] 
      block1/fir:run:inst/MAC:slc(MAC-8:acc#1)(18-11).itm                                                                                0.0000 3.3750 [2.911869, 3.375010] 
      block1/fir:run:inst/reg(output:rsci.idat)           mgc_reg_pos_8_0_0_1_1_1_1_1                                                    0.0000 3.3750                      
                                                                                                                                                                            
    3                                                     block0/fir:run:inst/reg(MAC:asn#12)  block0/fir:run:inst/reg(output:rsci.idat) 3.3750 6.6250                      
                                                                                                                                                                            
      Instance                                            Component                                                                      Delta  Delay  [MIN, MAX]           
      --------                                            ---------                                                                      -----  -----  ------------------   
      block0/fir:run:inst/reg(MAC:asn#12)                 mgc_reg_pos_8_0_0_1_1_1_1_1                                                    0.1060 0.1060                      
      block0/fir:run:inst/MAC:asn#12.itm                                                                                                 0.0000 0.1060                      
      block0/fir:run:inst/MAC:mux1h#3                     mgc_mux1hot_8_8_4                                                              0.1652 0.2712                      
      block0/fir:run:inst/MAC:mux1h#3.itm                                                                                                0.0000 0.2712                      
      block0/fir:run:inst/MAC-1:mul:rg                    mgc_mul_8_1_8_1_16_7                                                           1.1570 1.4282                      
      block0/fir:run:inst/z.out                                                                                                          0.0000 1.4282                      
      block0/fir:run:inst/MAC:mux                         mgc_mux_16_1_2_5                                                               0.1724 1.6006                      
      block0/fir:run:inst/MAC:mux.itm                                                                                                    0.0000 1.6006                      
      block0/fir:run:inst/MAC:acc#4:rg                    mgc_addc_16_1_16_1_17_7(a=>z)                                                  1.1948 2.7954 [1.747054, 2.795390] 
      block0/fir:run:inst/z.out#1                                                                                                        0.0000 2.7954 [1.747054, 2.795390] 
      block0/fir:run:inst/MAC:mux#4                       mgc_mux_17_1_2_5                                                               0.1441 2.9395 [1.891140, 2.939476] 
      block0/fir:run:inst/MAC:mux#4.itm                                                                                                  0.0000 2.9395 [1.891140, 2.939476] 
      block0/fir:run:inst/MAC:acc:rg                      mgc_addc_17_1_17_1_18_7(b=>z)                                                  0.2177 3.1572 [2.037608, 3.157223] 
      block0/fir:run:inst/z.out#2                                                                                                        0.0000 3.1572 [2.037608, 3.157223] 
      block0/fir:run:inst/MAC-8:acc#1                     mgc_addc_18_1_18_1_19_7                                                        0.2178 3.3750 [2.184076, 3.375010] 
      block0/fir:run:inst/MAC-8:acc#1.itm                                                                                                0.0000 3.3750 [2.184076, 3.375010] 
      block0/fir:run:inst/MAC:slc(MAC-8:acc#1)(18-11)                                                                                    0.0000 3.3750 [2.911869, 3.375010] 
      block0/fir:run:inst/MAC:slc(MAC-8:acc#1)(18-11).itm                                                                                0.0000 3.3750 [2.911869, 3.375010] 
      block0/fir:run:inst/reg(output:rsci.idat)           mgc_reg_pos_8_0_0_1_1_1_1_1                                                    0.0000 3.3750                      
                                                                                                                                                                            
    4                                                     block1/fir:run:inst/reg(MAC:asn#4)   block1/fir:run:inst/reg(output:rsci.idat) 3.3750 6.6250                      
                                                                                                                                                                            
      Instance                                            Component                                                                      Delta  Delay  [MIN, MAX]           
      --------                                            ---------                                                                      -----  -----  ------------------   
      block1/fir:run:inst/reg(MAC:asn#4)                  mgc_reg_pos_8_0_0_1_1_1_1_1                                                    0.1060 0.1060                      
      block1/fir:run:inst/reg(MAC:asn#4).cse                                                                                             0.0000 0.1060                      
      block1/fir:run:inst/MAC:mux1h#3                     mgc_mux1hot_8_8_4                                                              0.1652 0.2712                      
      block1/fir:run:inst/MAC:mux1h#3.itm                                                                                                0.0000 0.2712                      
      block1/fir:run:inst/MAC-1:mul:rg                    mgc_mul_8_1_8_1_16_7                                                           1.1570 1.4282                      
      block1/fir:run:inst/z.out                                                                                                          0.0000 1.4282                      
      block1/fir:run:inst/MAC:MAC:mux#1                   mgc_mux_16_1_2_5                                                               0.1724 1.6006                      
      block1/fir:run:inst/MAC:MAC:mux#1.itm                                                                                              0.0000 1.6006                      
      block1/fir:run:inst/MAC:acc#4:rg                    mgc_addc_16_1_16_1_17_7(b=>z)                                                  1.1948 2.7954 [1.747054, 2.795390] 
      block1/fir:run:inst/z.out#1                                                                                                        0.0000 2.7954 [1.747054, 2.795390] 
      block1/fir:run:inst/MAC:mux#4                       mgc_mux_17_1_2_5                                                               0.1441 2.9395 [1.891140, 2.939476] 
      block1/fir:run:inst/MAC:mux#4.itm                                                                                                  0.0000 2.9395 [1.891140, 2.939476] 
      block1/fir:run:inst/MAC:acc:rg                      mgc_addc_17_1_17_1_18_7(b=>z)                                                  0.2177 3.1572 [2.037608, 3.157223] 
      block1/fir:run:inst/z.out#2                                                                                                        0.0000 3.1572 [2.037608, 3.157223] 
      block1/fir:run:inst/MAC-8:acc#1                     mgc_addc_18_1_18_1_19_7                                                        0.2178 3.3750 [2.184076, 3.375010] 
      block1/fir:run:inst/MAC-8:acc#1.itm                                                                                                0.0000 3.3750 [2.184076, 3.375010] 
      block1/fir:run:inst/MAC:slc(MAC-8:acc#1)(18-11)                                                                                    0.0000 3.3750 [2.911869, 3.375010] 
      block1/fir:run:inst/MAC:slc(MAC-8:acc#1)(18-11).itm                                                                                0.0000 3.3750 [2.911869, 3.375010] 
      block1/fir:run:inst/reg(output:rsci.idat)           mgc_reg_pos_8_0_0_1_1_1_1_1                                                    0.0000 3.3750                      
                                                                                                                                                                            
    5                                                     block1/fir:run:inst/reg(regs(0))     block1/fir:run:inst/reg(output:rsci.idat) 3.3750 6.6250                      
                                                                                                                                                                            
      Instance                                            Component                                                                      Delta  Delay  [MIN, MAX]           
      --------                                            ---------                                                                      -----  -----  ------------------   
      block1/fir:run:inst/reg(regs(0))                    mgc_reg_pos_8_0_0_1_1_1_1_1                                                    0.1060 0.1060                      
      block1/fir:run:inst/regs(0).sva                                                                                                    0.0000 0.1060                      
      block1/fir:run:inst/MAC:mux1h#3                     mgc_mux1hot_8_8_4                                                              0.1652 0.2712                      
      block1/fir:run:inst/MAC:mux1h#3.itm                                                                                                0.0000 0.2712                      
      block1/fir:run:inst/MAC-1:mul:rg                    mgc_mul_8_1_8_1_16_7                                                           1.1570 1.4282                      
      block1/fir:run:inst/z.out                                                                                                          0.0000 1.4282                      
      block1/fir:run:inst/MAC:MAC:mux#1                   mgc_mux_16_1_2_5                                                               0.1724 1.6006                      
      block1/fir:run:inst/MAC:MAC:mux#1.itm                                                                                              0.0000 1.6006                      
      block1/fir:run:inst/MAC:acc#4:rg                    mgc_addc_16_1_16_1_17_7(b=>z)                                                  1.1948 2.7954 [1.747054, 2.795390] 
      block1/fir:run:inst/z.out#1                                                                                                        0.0000 2.7954 [1.747054, 2.795390] 
      block1/fir:run:inst/MAC:mux#4                       mgc_mux_17_1_2_5                                                               0.1441 2.9395 [1.891140, 2.939476] 
      block1/fir:run:inst/MAC:mux#4.itm                                                                                                  0.0000 2.9395 [1.891140, 2.939476] 
      block1/fir:run:inst/MAC:acc:rg                      mgc_addc_17_1_17_1_18_7(b=>z)                                                  0.2177 3.1572 [2.037608, 3.157223] 
      block1/fir:run:inst/z.out#2                                                                                                        0.0000 3.1572 [2.037608, 3.157223] 
      block1/fir:run:inst/MAC-8:acc#1                     mgc_addc_18_1_18_1_19_7                                                        0.2178 3.3750 [2.184076, 3.375010] 
      block1/fir:run:inst/MAC-8:acc#1.itm                                                                                                0.0000 3.3750 [2.184076, 3.375010] 
      block1/fir:run:inst/MAC:slc(MAC-8:acc#1)(18-11)                                                                                    0.0000 3.3750 [2.911869, 3.375010] 
      block1/fir:run:inst/MAC:slc(MAC-8:acc#1)(18-11).itm                                                                                0.0000 3.3750 [2.911869, 3.375010] 
      block1/fir:run:inst/reg(output:rsci.idat)           mgc_reg_pos_8_0_0_1_1_1_1_1                                                    0.0000 3.3750                      
                                                                                                                                                                            
    6                                                     block1/fir:run:inst/reg(MAC:acc#8)#2 block1/fir:run:inst/reg(output:rsci.idat) 3.3750 6.6250                      
                                                                                                                                                                            
      Instance                                            Component                                                                      Delta  Delay  [MIN, MAX]           
      --------                                            ---------                                                                      -----  -----  ------------------   
      block1/fir:run:inst/reg(MAC:acc#8)#2                mgc_reg_pos_8_0_0_1_1_1_1_1                                                    0.1060 0.1060                      
      block1/fir:run:inst/MAC:acc#8.itm(7:0)                                                                                             0.0000 0.1060                      
      block1/fir:run:inst/MAC:mux1h#3                     mgc_mux1hot_8_8_4                                                              0.1652 0.2712                      
      block1/fir:run:inst/MAC:mux1h#3.itm                                                                                                0.0000 0.2712                      
      block1/fir:run:inst/MAC-1:mul:rg                    mgc_mul_8_1_8_1_16_7                                                           1.1570 1.4282                      
      block1/fir:run:inst/z.out                                                                                                          0.0000 1.4282                      
      block1/fir:run:inst/MAC:MAC:mux#1                   mgc_mux_16_1_2_5                                                               0.1724 1.6006                      
      block1/fir:run:inst/MAC:MAC:mux#1.itm                                                                                              0.0000 1.6006                      
      block1/fir:run:inst/MAC:acc#4:rg                    mgc_addc_16_1_16_1_17_7(b=>z)                                                  1.1948 2.7954 [1.747054, 2.795390] 
      block1/fir:run:inst/z.out#1                                                                                                        0.0000 2.7954 [1.747054, 2.795390] 
      block1/fir:run:inst/MAC:mux#4                       mgc_mux_17_1_2_5                                                               0.1441 2.9395 [1.891140, 2.939476] 
      block1/fir:run:inst/MAC:mux#4.itm                                                                                                  0.0000 2.9395 [1.891140, 2.939476] 
      block1/fir:run:inst/MAC:acc:rg                      mgc_addc_17_1_17_1_18_7(b=>z)                                                  0.2177 3.1572 [2.037608, 3.157223] 
      block1/fir:run:inst/z.out#2                                                                                                        0.0000 3.1572 [2.037608, 3.157223] 
      block1/fir:run:inst/MAC-8:acc#1                     mgc_addc_18_1_18_1_19_7                                                        0.2178 3.3750 [2.184076, 3.375010] 
      block1/fir:run:inst/MAC-8:acc#1.itm                                                                                                0.0000 3.3750 [2.184076, 3.375010] 
      block1/fir:run:inst/MAC:slc(MAC-8:acc#1)(18-11)                                                                                    0.0000 3.3750 [2.911869, 3.375010] 
      block1/fir:run:inst/MAC:slc(MAC-8:acc#1)(18-11).itm                                                                                0.0000 3.3750 [2.911869, 3.375010] 
      block1/fir:run:inst/reg(output:rsci.idat)           mgc_reg_pos_8_0_0_1_1_1_1_1                                                    0.0000 3.3750                      
                                                                                                                                                                            
    7                                                     block1/fir:run:inst/reg(MAC:asn#12)  block1/fir:run:inst/reg(output:rsci.idat) 3.3750 6.6250                      
                                                                                                                                                                            
      Instance                                            Component                                                                      Delta  Delay  [MIN, MAX]           
      --------                                            ---------                                                                      -----  -----  ------------------   
      block1/fir:run:inst/reg(MAC:asn#12)                 mgc_reg_pos_8_0_0_1_1_1_1_1                                                    0.1060 0.1060                      
      block1/fir:run:inst/MAC:asn#12.itm                                                                                                 0.0000 0.1060                      
      block1/fir:run:inst/MAC:mux1h#3                     mgc_mux1hot_8_8_4                                                              0.1652 0.2712                      
      block1/fir:run:inst/MAC:mux1h#3.itm                                                                                                0.0000 0.2712                      
      block1/fir:run:inst/MAC-1:mul:rg                    mgc_mul_8_1_8_1_16_7                                                           1.1570 1.4282                      
      block1/fir:run:inst/z.out                                                                                                          0.0000 1.4282                      
      block1/fir:run:inst/MAC:mux                         mgc_mux_16_1_2_5                                                               0.1724 1.6006                      
      block1/fir:run:inst/MAC:mux.itm                                                                                                    0.0000 1.6006                      
      block1/fir:run:inst/MAC:acc#4:rg                    mgc_addc_16_1_16_1_17_7(a=>z)                                                  1.1948 2.7954 [1.747054, 2.795390] 
      block1/fir:run:inst/z.out#1                                                                                                        0.0000 2.7954 [1.747054, 2.795390] 
      block1/fir:run:inst/MAC:mux#4                       mgc_mux_17_1_2_5                                                               0.1441 2.9395 [1.891140, 2.939476] 
      block1/fir:run:inst/MAC:mux#4.itm                                                                                                  0.0000 2.9395 [1.891140, 2.939476] 
      block1/fir:run:inst/MAC:acc:rg                      mgc_addc_17_1_17_1_18_7(b=>z)                                                  0.2177 3.1572 [2.037608, 3.157223] 
      block1/fir:run:inst/z.out#2                                                                                                        0.0000 3.1572 [2.037608, 3.157223] 
      block1/fir:run:inst/MAC-8:acc#1                     mgc_addc_18_1_18_1_19_7                                                        0.2178 3.3750 [2.184076, 3.375010] 
      block1/fir:run:inst/MAC-8:acc#1.itm                                                                                                0.0000 3.3750 [2.184076, 3.375010] 
      block1/fir:run:inst/MAC:slc(MAC-8:acc#1)(18-11)                                                                                    0.0000 3.3750 [2.911869, 3.375010] 
      block1/fir:run:inst/MAC:slc(MAC-8:acc#1)(18-11).itm                                                                                0.0000 3.3750 [2.911869, 3.375010] 
      block1/fir:run:inst/reg(output:rsci.idat)           mgc_reg_pos_8_0_0_1_1_1_1_1                                                    0.0000 3.3750                      
                                                                                                                                                                            
    8                                                     block0/fir:run:inst/reg(MAC:asn#4)   block0/fir:run:inst/reg(output:rsci.idat) 3.3750 6.6250                      
                                                                                                                                                                            
      Instance                                            Component                                                                      Delta  Delay  [MIN, MAX]           
      --------                                            ---------                                                                      -----  -----  ------------------   
      block0/fir:run:inst/reg(MAC:asn#4)                  mgc_reg_pos_8_0_0_1_1_1_1_1                                                    0.1060 0.1060                      
      block0/fir:run:inst/reg(MAC:asn#4).cse                                                                                             0.0000 0.1060                      
      block0/fir:run:inst/MAC:mux1h#3                     mgc_mux1hot_8_8_4                                                              0.1652 0.2712                      
      block0/fir:run:inst/MAC:mux1h#3.itm                                                                                                0.0000 0.2712                      
      block0/fir:run:inst/MAC-1:mul:rg                    mgc_mul_8_1_8_1_16_7                                                           1.1570 1.4282                      
      block0/fir:run:inst/z.out                                                                                                          0.0000 1.4282                      
      block0/fir:run:inst/MAC:mux                         mgc_mux_16_1_2_5                                                               0.1724 1.6006                      
      block0/fir:run:inst/MAC:mux.itm                                                                                                    0.0000 1.6006                      
      block0/fir:run:inst/MAC:acc#4:rg                    mgc_addc_16_1_16_1_17_7(a=>z)                                                  1.1948 2.7954 [1.747054, 2.795390] 
      block0/fir:run:inst/z.out#1                                                                                                        0.0000 2.7954 [1.747054, 2.795390] 
      block0/fir:run:inst/MAC:mux#4                       mgc_mux_17_1_2_5                                                               0.1441 2.9395 [1.891140, 2.939476] 
      block0/fir:run:inst/MAC:mux#4.itm                                                                                                  0.0000 2.9395 [1.891140, 2.939476] 
      block0/fir:run:inst/MAC:acc:rg                      mgc_addc_17_1_17_1_18_7(b=>z)                                                  0.2177 3.1572 [2.037608, 3.157223] 
      block0/fir:run:inst/z.out#2                                                                                                        0.0000 3.1572 [2.037608, 3.157223] 
      block0/fir:run:inst/MAC-8:acc#1                     mgc_addc_18_1_18_1_19_7                                                        0.2178 3.3750 [2.184076, 3.375010] 
      block0/fir:run:inst/MAC-8:acc#1.itm                                                                                                0.0000 3.3750 [2.184076, 3.375010] 
      block0/fir:run:inst/MAC:slc(MAC-8:acc#1)(18-11)                                                                                    0.0000 3.3750 [2.911869, 3.375010] 
      block0/fir:run:inst/MAC:slc(MAC-8:acc#1)(18-11).itm                                                                                0.0000 3.3750 [2.911869, 3.375010] 
      block0/fir:run:inst/reg(output:rsci.idat)           mgc_reg_pos_8_0_0_1_1_1_1_1                                                    0.0000 3.3750                      
                                                                                                                                                                            
    9                                                     block0/fir:run:inst/reg(MAC:asn#8)   block0/fir:run:inst/reg(output:rsci.idat) 3.3750 6.6250                      
                                                                                                                                                                            
      Instance                                            Component                                                                      Delta  Delay  [MIN, MAX]           
      --------                                            ---------                                                                      -----  -----  ------------------   
      block0/fir:run:inst/reg(MAC:asn#8)                  mgc_reg_pos_8_0_0_1_1_1_1_1                                                    0.1060 0.1060                      
      block0/fir:run:inst/reg(MAC:asn#8).cse                                                                                             0.0000 0.1060                      
      block0/fir:run:inst/MAC:mux1h#3                     mgc_mux1hot_8_8_4                                                              0.1652 0.2712                      
      block0/fir:run:inst/MAC:mux1h#3.itm                                                                                                0.0000 0.2712                      
      block0/fir:run:inst/MAC-1:mul:rg                    mgc_mul_8_1_8_1_16_7                                                           1.1570 1.4282                      
      block0/fir:run:inst/z.out                                                                                                          0.0000 1.4282                      
      block0/fir:run:inst/MAC:mux                         mgc_mux_16_1_2_5                                                               0.1724 1.6006                      
      block0/fir:run:inst/MAC:mux.itm                                                                                                    0.0000 1.6006                      
      block0/fir:run:inst/MAC:acc#4:rg                    mgc_addc_16_1_16_1_17_7(a=>z)                                                  1.1948 2.7954 [1.747054, 2.795390] 
      block0/fir:run:inst/z.out#1                                                                                                        0.0000 2.7954 [1.747054, 2.795390] 
      block0/fir:run:inst/MAC:mux#4                       mgc_mux_17_1_2_5                                                               0.1441 2.9395 [1.891140, 2.939476] 
      block0/fir:run:inst/MAC:mux#4.itm                                                                                                  0.0000 2.9395 [1.891140, 2.939476] 
      block0/fir:run:inst/MAC:acc:rg                      mgc_addc_17_1_17_1_18_7(b=>z)                                                  0.2177 3.1572 [2.037608, 3.157223] 
      block0/fir:run:inst/z.out#2                                                                                                        0.0000 3.1572 [2.037608, 3.157223] 
      block0/fir:run:inst/MAC-8:acc#1                     mgc_addc_18_1_18_1_19_7                                                        0.2178 3.3750 [2.184076, 3.375010] 
      block0/fir:run:inst/MAC-8:acc#1.itm                                                                                                0.0000 3.3750 [2.184076, 3.375010] 
      block0/fir:run:inst/MAC:slc(MAC-8:acc#1)(18-11)                                                                                    0.0000 3.3750 [2.911869, 3.375010] 
      block0/fir:run:inst/MAC:slc(MAC-8:acc#1)(18-11).itm                                                                                0.0000 3.3750 [2.911869, 3.375010] 
      block0/fir:run:inst/reg(output:rsci.idat)           mgc_reg_pos_8_0_0_1_1_1_1_1                                                    0.0000 3.3750                      
                                                                                                                                                                            
    10                                                    block1/fir:run:inst/reg(regs(2))     block1/fir:run:inst/reg(output:rsci.idat) 3.3750 6.6250                      
                                                                                                                                                                            
      Instance                                            Component                                                                      Delta  Delay  [MIN, MAX]           
      --------                                            ---------                                                                      -----  -----  ------------------   
      block1/fir:run:inst/reg(regs(2))                    mgc_reg_pos_8_0_0_1_1_1_1_1                                                    0.1060 0.1060                      
      block1/fir:run:inst/regs(2).sva                                                                                                    0.0000 0.1060                      
      block1/fir:run:inst/MAC:mux1h#3                     mgc_mux1hot_8_8_4                                                              0.1652 0.2712                      
      block1/fir:run:inst/MAC:mux1h#3.itm                                                                                                0.0000 0.2712                      
      block1/fir:run:inst/MAC-1:mul:rg                    mgc_mul_8_1_8_1_16_7                                                           1.1570 1.4282                      
      block1/fir:run:inst/z.out                                                                                                          0.0000 1.4282                      
      block1/fir:run:inst/MAC:mux                         mgc_mux_16_1_2_5                                                               0.1724 1.6006                      
      block1/fir:run:inst/MAC:mux.itm                                                                                                    0.0000 1.6006                      
      block1/fir:run:inst/MAC:acc#4:rg                    mgc_addc_16_1_16_1_17_7(a=>z)                                                  1.1948 2.7954 [1.747054, 2.795390] 
      block1/fir:run:inst/z.out#1                                                                                                        0.0000 2.7954 [1.747054, 2.795390] 
      block1/fir:run:inst/MAC:mux#4                       mgc_mux_17_1_2_5                                                               0.1441 2.9395 [1.891140, 2.939476] 
      block1/fir:run:inst/MAC:mux#4.itm                                                                                                  0.0000 2.9395 [1.891140, 2.939476] 
      block1/fir:run:inst/MAC:acc:rg                      mgc_addc_17_1_17_1_18_7(b=>z)                                                  0.2177 3.1572 [2.037608, 3.157223] 
      block1/fir:run:inst/z.out#2                                                                                                        0.0000 3.1572 [2.037608, 3.157223] 
      block1/fir:run:inst/MAC-8:acc#1                     mgc_addc_18_1_18_1_19_7                                                        0.2178 3.3750 [2.184076, 3.375010] 
      block1/fir:run:inst/MAC-8:acc#1.itm                                                                                                0.0000 3.3750 [2.184076, 3.375010] 
      block1/fir:run:inst/MAC:slc(MAC-8:acc#1)(18-11)                                                                                    0.0000 3.3750 [2.911869, 3.375010] 
      block1/fir:run:inst/MAC:slc(MAC-8:acc#1)(18-11).itm                                                                                0.0000 3.3750 [2.911869, 3.375010] 
      block1/fir:run:inst/reg(output:rsci.idat)           mgc_reg_pos_8_0_0_1_1_1_1_1                                                    0.0000 3.3750                      
                                                                                                                                                                            
    
  Register Input and Register-to-Output Slack
    Clock period or pin-to-reg delay constraint (clk): 10.0
    Clock uncertainty constraint (clk)               : 0.0
    
    Instance                                                   Port                                 Slack (Delay) Messages 
    ---------------------------------------------------------- ---------------------------------- ------- ------- --------
    decimator:run/reg(dout:rsci.idat)                          din:rsci.idat.mxwt                  9.7799  0.2201          
    decimator:run/reg(dout:rsci.iswt0)                         and#2.itm                           9.7374  0.2626          
    decimator:run/reg(din:rsci.iswt0)                          1#7                                10.0000  0.0000          
    decimator:run/reg(count(2:0).sva(1:0))                     acc.itm                             9.7085  0.2915          
    decimator:run:din:rsci:din:wait_dp/reg(din:rsci.bcwt)      temp:nor.itm                        9.4503  0.5497          
    decimator:run:din:rsci:din:wait_dp/reg(din:rsci.idat.bfwt) din:rsci.idat                       9.6658  0.3342          
    decimator:run:dout:rsci:dout:wait_dp/reg(dout:rsci.bcwt)   if#1:nor.itm                        9.4503  0.5497          
    fir:run/reg(output:rsci.idat)                              MAC:slc(MAC-8:acc#1)(18-11).itm     6.6250  3.3750          
    fir:run/reg(output:rsci.iswt0)                             slc(fsm_output)(8).itm              5.7063  4.2937          
    fir:run/reg(input:rsci.iswt0)                              SHIFT:if:or.itm                     9.9019  0.0981          
    fir:run/reg(MAC:asn#10)                                    reg(MAC:asn#4).cse                  4.4806  5.5194          
    fir:run/reg(MAC:asn#8)                                     MAC:asn#10.itm                      4.4806  5.5194          
    fir:run/reg(regs(2))                                       MAC:asn#12.itm                      4.4806  5.5194          
    fir:run/reg(MAC:asn#4)                                     regs(2).sva                         4.4806  5.5194          
    fir:run/reg(regs(0))                                       MAC:acc#8.itm(7:0)                  4.4806  5.5194          
    fir:run/reg(MAC:asn#12)                                    regs:regs:mux.itm                   9.7799  0.2201          
    fir:run/reg(regs(6))                                       reg(MAC:asn#8).cse                  4.4806  5.5194          
    fir:run/reg(MAC-3:mul)                                     z.out                               4.4806  5.5194          
    fir:run/reg(MAC:acc#8)                                     MAC:MAC:slc(MAC:acc#8.sdt)(17).itm  6.8428  3.1572          
    fir:run/reg(MAC:acc#8)#1                                   MAC:MAC:mux.itm                     6.7882  3.2118          
    fir:run/reg(MAC:acc#8)#2                                   MAC:mux1h#2.itm                     7.3764  2.6236          
    fir:run/reg(MAC:acc#7)                                     z.out#1                             4.4570  5.5430          
    top                                                        din:rsc.rdy                         9.8940  0.1060          
    top                                                        dout:rsc.dat                        9.8940  0.1060          
    top                                                        dout:rsc.vld                        9.8091  0.1909          
    
Operator Bitwidth Summary
  Operation  Size (bits) Count 
  ---------- ----------- -----
  add                          
  -                    2     1 
  -                   19     2 
  -                   18     2 
  -                   17     2 
  and                          
  -                    1    36 
  mul                          
  -                   16     2 
  mux                          
  -                    9     4 
  -                    8     5 
  -                   17     2 
  -                   16     4 
  mux1h                        
  -                    8     6 
  nor                          
  -                    1     8 
  not                          
  -                    1    16 
  or                           
  -                    1    18 
  read_port                    
  -                    8     3 
  reg                          
  -                    9     2 
  -                    8    20 
  -                    2     1 
  -                   17     2 
  -                   16     2 
  -                    1    10 
  write_port                   
  -                    0     3 
  
End of Report
